<?xml version="1.0" encoding="UTF-8"?>
<testsuite name="co.com.ceiba.parking.controllers.CarParkControllerIntTest" tests="1" skipped="0" failures="0" errors="0" timestamp="2017-10-05T19:26:48" hostname="FABIAN-DIAZ" time="1.454">
  <properties/>
  <testcase name="givenNewCarPark_whenCarPark_thenStatusCreated" classname="co.com.ceiba.parking.controllers.CarParkControllerIntTest" time="1.454"/>
  <system-out><![CDATA[14:26:37.238 [Test worker] DEBUG org.springframework.test.context.junit4.SpringJUnit4ClassRunner - SpringJUnit4ClassRunner constructor called with [class co.com.ceiba.parking.controllers.CarParkControllerIntTest]
14:26:37.249 [Test worker] DEBUG org.springframework.test.context.BootstrapUtils - Instantiating CacheAwareContextLoaderDelegate from class [org.springframework.test.context.cache.DefaultCacheAwareContextLoaderDelegate]
14:26:37.267 [Test worker] DEBUG org.springframework.test.context.BootstrapUtils - Instantiating BootstrapContext using constructor [public org.springframework.test.context.support.DefaultBootstrapContext(java.lang.Class,org.springframework.test.context.CacheAwareContextLoaderDelegate)]
14:26:37.310 [Test worker] DEBUG org.springframework.test.context.BootstrapUtils - Instantiating TestContextBootstrapper for test class [co.com.ceiba.parking.controllers.CarParkControllerIntTest] from class [org.springframework.boot.test.context.SpringBootTestContextBootstrapper]
14:26:37.344 [Test worker] INFO org.springframework.boot.test.context.SpringBootTestContextBootstrapper - Neither @ContextConfiguration nor @ContextHierarchy found for test class [co.com.ceiba.parking.controllers.CarParkControllerIntTest], using SpringBootContextLoader
14:26:37.354 [Test worker] DEBUG org.springframework.test.context.support.AbstractContextLoader - Did not detect default resource location for test class [co.com.ceiba.parking.controllers.CarParkControllerIntTest]: class path resource [co/com/ceiba/parking/controllers/CarParkControllerIntTest-context.xml] does not exist
14:26:37.355 [Test worker] DEBUG org.springframework.test.context.support.AbstractContextLoader - Did not detect default resource location for test class [co.com.ceiba.parking.controllers.CarParkControllerIntTest]: class path resource [co/com/ceiba/parking/controllers/CarParkControllerIntTestContext.groovy] does not exist
14:26:37.356 [Test worker] INFO org.springframework.test.context.support.AbstractContextLoader - Could not detect default resource locations for test class [co.com.ceiba.parking.controllers.CarParkControllerIntTest]: no resource found for suffixes {-context.xml, Context.groovy}.
14:26:37.520 [Test worker] DEBUG org.springframework.boot.test.context.SpringBootTestContextBootstrapper - @TestExecutionListeners is not present for class [co.com.ceiba.parking.controllers.CarParkControllerIntTest]: using defaults.
14:26:37.524 [Test worker] INFO org.springframework.boot.test.context.SpringBootTestContextBootstrapper - Loaded default TestExecutionListener class names from location [META-INF/spring.factories]: [org.springframework.boot.test.mock.mockito.MockitoTestExecutionListener, org.springframework.boot.test.mock.mockito.ResetMocksTestExecutionListener, org.springframework.boot.test.autoconfigure.restdocs.RestDocsTestExecutionListener, org.springframework.boot.test.autoconfigure.web.client.MockRestServiceServerResetTestExecutionListener, org.springframework.boot.test.autoconfigure.web.servlet.MockMvcPrintOnlyOnFailureTestExecutionListener, org.springframework.boot.test.autoconfigure.web.servlet.WebDriverTestExecutionListener, org.springframework.test.context.web.ServletTestExecutionListener, org.springframework.test.context.support.DirtiesContextBeforeModesTestExecutionListener, org.springframework.test.context.support.DependencyInjectionTestExecutionListener, org.springframework.test.context.support.DirtiesContextTestExecutionListener, org.springframework.test.context.transaction.TransactionalTestExecutionListener, org.springframework.test.context.jdbc.SqlScriptsTestExecutionListener]
14:26:37.570 [Test worker] INFO org.springframework.boot.test.context.SpringBootTestContextBootstrapper - Using TestExecutionListeners: [org.springframework.test.context.web.ServletTestExecutionListener@7d62a863, org.springframework.test.context.support.DirtiesContextBeforeModesTestExecutionListener@8f37941, org.springframework.boot.test.autoconfigure.SpringBootDependencyInjectionTestExecutionListener@6e672362, org.springframework.test.context.support.DirtiesContextTestExecutionListener@5b4f54aa, org.springframework.test.context.transaction.TransactionalTestExecutionListener@3386de10, org.springframework.test.context.jdbc.SqlScriptsTestExecutionListener@20ac9050, org.springframework.boot.test.mock.mockito.ResetMocksTestExecutionListener@7707db14, org.springframework.boot.test.autoconfigure.web.servlet.MockMvcPrintOnlyOnFailureTestExecutionListener@564c2b5a, org.springframework.boot.test.mock.mockito.MockitoTestExecutionListener@533f09dd, org.springframework.boot.test.autoconfigure.restdocs.RestDocsTestExecutionListener@17553dfa, org.springframework.boot.test.autoconfigure.web.servlet.WebDriverTestExecutionListener@5e439b7f, org.springframework.boot.test.autoconfigure.web.client.MockRestServiceServerResetTestExecutionListener@69626d16]
14:26:37.576 [Test worker] DEBUG org.springframework.test.annotation.ProfileValueUtils - Retrieved @ProfileValueSourceConfiguration [null] for test class [co.com.ceiba.parking.controllers.CarParkControllerIntTest]
14:26:37.577 [Test worker] DEBUG org.springframework.test.annotation.ProfileValueUtils - Retrieved ProfileValueSource type [class org.springframework.test.annotation.SystemProfileValueSource] for class [co.com.ceiba.parking.controllers.CarParkControllerIntTest]
14:26:37.579 [Test worker] DEBUG org.springframework.test.annotation.ProfileValueUtils - Retrieved @ProfileValueSourceConfiguration [null] for test class [co.com.ceiba.parking.controllers.CarParkControllerIntTest]
14:26:37.579 [Test worker] DEBUG org.springframework.test.annotation.ProfileValueUtils - Retrieved ProfileValueSource type [class org.springframework.test.annotation.SystemProfileValueSource] for class [co.com.ceiba.parking.controllers.CarParkControllerIntTest]
14:26:37.588 [Test worker] DEBUG org.springframework.test.context.support.AbstractDirtiesContextTestExecutionListener - Before test class: context [DefaultTestContext@5c802ffa testClass = CarParkControllerIntTest, testInstance = [null], testMethod = [null], testException = [null], mergedContextConfiguration = [WebMergedContextConfiguration@18997d91 testClass = CarParkControllerIntTest, locations = '{}', classes = '{class co.com.ceiba.parking.ApiApplication, class co.com.ceiba.parking.ApiApplication}', contextInitializerClasses = '[]', activeProfiles = '{test}', propertySourceLocations = '{}', propertySourceProperties = '{org.springframework.boot.test.context.SpringBootTestContextBootstrapper=true, server.port=0}', contextCustomizers = set[[ImportsContextCustomizer@49259bda key = [org.springframework.boot.test.autoconfigure.web.servlet.MockMvcAutoConfiguration, org.springframework.boot.test.autoconfigure.web.servlet.MockMvcSecurityAutoConfiguration, org.springframework.boot.test.autoconfigure.web.servlet.MockMvcWebClientAutoConfiguration, org.springframework.boot.test.autoconfigure.web.servlet.MockMvcWebDriverAutoConfiguration]], org.springframework.boot.test.context.SpringBootTestContextCustomizer@2c82e32e, org.springframework.boot.test.context.filter.ExcludeFilterContextCustomizer@4d6e0ae1, org.springframework.boot.test.json.DuplicateJsonObjectContextCustomizerFactory$DuplicateJsonObjectContextCustomizer@5f264b5b, org.springframework.boot.test.mock.mockito.MockitoContextCustomizer@0, org.springframework.boot.test.autoconfigure.properties.PropertyMappingContextCustomizer@e7e8512, org.springframework.boot.test.autoconfigure.web.servlet.WebDriverContextCustomizerFactory$Customizer@40cf1bfa], resourceBasePath = 'src/main/webapp', contextLoader = 'org.springframework.boot.test.context.SpringBootContextLoader', parent = [null]]], class annotated with @DirtiesContext [false] with mode [null].
14:26:37.590 [Test worker] DEBUG org.springframework.test.annotation.ProfileValueUtils - Retrieved @ProfileValueSourceConfiguration [null] for test class [co.com.ceiba.parking.controllers.CarParkControllerIntTest]
14:26:37.590 [Test worker] DEBUG org.springframework.test.annotation.ProfileValueUtils - Retrieved ProfileValueSource type [class org.springframework.test.annotation.SystemProfileValueSource] for class [co.com.ceiba.parking.controllers.CarParkControllerIntTest]
14:26:37.594 [Test worker] DEBUG org.springframework.test.context.support.DependencyInjectionTestExecutionListener - Performing dependency injection for test context [[DefaultTestContext@5c802ffa testClass = CarParkControllerIntTest, testInstance = co.com.ceiba.parking.controllers.CarParkControllerIntTest@3734e153, testMethod = [null], testException = [null], mergedContextConfiguration = [WebMergedContextConfiguration@18997d91 testClass = CarParkControllerIntTest, locations = '{}', classes = '{class co.com.ceiba.parking.ApiApplication, class co.com.ceiba.parking.ApiApplication}', contextInitializerClasses = '[]', activeProfiles = '{test}', propertySourceLocations = '{}', propertySourceProperties = '{org.springframework.boot.test.context.SpringBootTestContextBootstrapper=true, server.port=0}', contextCustomizers = set[[ImportsContextCustomizer@49259bda key = [org.springframework.boot.test.autoconfigure.web.servlet.MockMvcAutoConfiguration, org.springframework.boot.test.autoconfigure.web.servlet.MockMvcSecurityAutoConfiguration, org.springframework.boot.test.autoconfigure.web.servlet.MockMvcWebClientAutoConfiguration, org.springframework.boot.test.autoconfigure.web.servlet.MockMvcWebDriverAutoConfiguration]], org.springframework.boot.test.context.SpringBootTestContextCustomizer@2c82e32e, org.springframework.boot.test.context.filter.ExcludeFilterContextCustomizer@4d6e0ae1, org.springframework.boot.test.json.DuplicateJsonObjectContextCustomizerFactory$DuplicateJsonObjectContextCustomizer@5f264b5b, org.springframework.boot.test.mock.mockito.MockitoContextCustomizer@0, org.springframework.boot.test.autoconfigure.properties.PropertyMappingContextCustomizer@e7e8512, org.springframework.boot.test.autoconfigure.web.servlet.WebDriverContextCustomizerFactory$Customizer@40cf1bfa], resourceBasePath = 'src/main/webapp', contextLoader = 'org.springframework.boot.test.context.SpringBootContextLoader', parent = [null]]]].
14:26:37.778 [Test worker] DEBUG org.springframework.core.env.StandardEnvironment - Adding PropertySource 'systemProperties' with lowest search precedence
14:26:37.778 [Test worker] DEBUG org.springframework.core.env.StandardEnvironment - Adding PropertySource 'systemEnvironment' with lowest search precedence
14:26:37.779 [Test worker] DEBUG org.springframework.core.env.StandardEnvironment - Initialized StandardEnvironment with PropertySources [MapPropertySource@1178900263 {name='systemProperties', properties={java.runtime.name=Java(TM) SE Runtime Environment, sun.boot.library.path=C:\Program Files\Java\jdk1.8.0_144\jre\bin, java.vm.version=25.144-b01, java.vm.vendor=Oracle Corporation, java.vendor.url=http://java.oracle.com/, path.separator=;, java.vm.name=Java HotSpot(TM) 64-Bit Server VM, file.encoding.pkg=sun.io, user.script=, sun.java.launcher=SUN_STANDARD, user.country=US, sun.os.patch.level=, java.vm.specification.name=Java Virtual Machine Specification, user.dir=C:\Users\fabian.diaz\Documents\Parking\Code\api, java.runtime.version=1.8.0_144-b01, java.awt.graphicsenv=sun.awt.Win32GraphicsEnvironment, java.endorsed.dirs=C:\Program Files\Java\jdk1.8.0_144\jre\lib\endorsed, os.arch=amd64, java.io.tmpdir=C:\Users\FABIAN~1.DIA\AppData\Local\Temp\, line.separator=
, java.vm.specification.vendor=Oracle Corporation, user.variant=, os.name=Windows 10, sun.jnu.encoding=Cp1252, java.library.path=C:\Program Files\Java\jdk1.8.0_144\bin;C:\Windows\Sun\Java\bin;C:\Windows\system32;C:\Windows;C:/Program Files/Java/jre1.8.0_144/bin/server;C:/Program Files/Java/jre1.8.0_144/bin;C:/Program Files/Java/jre1.8.0_144/lib/amd64;C:\Program Files\Docker\Docker\Resources\bin;C:\ProgramData\Oracle\Java\javapath;C:\Program Files (x86)\Intel\iCLS Client\;C:\Program Files\Intel\iCLS Client\;C:\Program Files\CollabNet\Subversion Client;C:\Oracle\product\11.1.0\client_1\bin;C:\Windows\system32;C:\Windows;C:\Windows\System32\Wbem;C:\Windows\System32\WindowsPowerShell\v1.0\;C:\Program Files\TortoiseSVN\bin;C:\Program Files\PuTTY\;C:\Program Files (x86)\Intel\Intel(R) Management Engine Components\DAL;C:\Program Files\Intel\Intel(R) Management Engine Components\DAL;C:\Program Files (x86)\Intel\Intel(R) Management Engine Components\IPT;C:\Program Files\Intel\Intel(R) Management Engine Components\IPT;C:\Program Files\Java\jdk1.8.0_144\bin;C:\Program Files\Git\cmd;C:\Program Files (x86)\Yarn\bin;C:\Program Files\Gradle\bin;C:\Program Files\nodejs\;C:\Users\fabian.diaz\AppData\Local\Microsoft\WindowsApps;C:\Program Files\Microsoft VS Code\bin;C:\Users\fabian.diaz\AppData\Local\Yarn\bin;C:\Users\fabian.diaz\AppData\Roaming\npm;C:\Program Files\Eclipse;;., java.specification.name=Java Platform API Specification, java.class.version=52.0, sun.management.compiler=HotSpot 64-Bit Tiered Compilers, os.version=10.0, user.home=C:\Users\fabian.diaz, user.timezone=America/Bogota, java.awt.printerjob=sun.awt.windows.WPrinterJob, file.encoding=windows-1252, java.specification.version=1.8, java.class.path=C:\Users\fabian.diaz\Documents\Parking\Code\api\build\classes\test;C:\Users\fabian.diaz\Documents\Parking\Code\api\build\resources\test;C:\Users\fabian.diaz\Documents\Parking\Code\api\build\classes\main;C:\Users\fabian.diaz\Documents\Parking\Code\api\build\resources\main;C:\Program Files\Gradle\caches\modules-2\files-2.1\org.springframework.boot\spring-boot-starter-data-jpa\1.5.7.RELEASE\ccdf14487724b7c1343e5d2605f7170c026e405\spring-boot-starter-data-jpa-1.5.7.RELEASE.jar;C:\Program Files\Gradle\caches\modules-2\files-2.1\org.springframework.boot\spring-boot-starter-validation\1.5.7.RELEASE\a2e87bf66a1db8037e1feeba7e7063996fa72090\spring-boot-starter-validation-1.5.7.RELEASE.jar;C:\Program Files\Gradle\caches\modules-2\files-2.1\org.springframework.boot\spring-boot-starter-web\1.5.7.RELEASE\a862305be8b7512a41f6768d825ed37251ccbbe0\spring-boot-starter-web-1.5.7.RELEASE.jar;C:\Program Files\Gradle\caches\modules-2\files-2.1\org.hibernate\hibernate-java8\5.0.12.Final\3c495f356f0d5f3aebd93902fd417834c125780f\hibernate-java8-5.0.12.Final.jar;C:\Program Files\Gradle\caches\modules-2\files-2.1\org.springframework.boot\spring-boot-devtools\1.5.7.RELEASE\f433b9ba2fcf598624b5ae930096523f8a22119b\spring-boot-devtools-1.5.7.RELEASE.jar;C:\Program Files\Gradle\caches\modules-2\files-2.1\mysql\mysql-connector-java\5.1.44\61b6b998192c85bb581c6be90e03dcd4b9079db4\mysql-connector-java-5.1.44.jar;C:\Program Files\Gradle\caches\modules-2\files-2.1\org.springframework.boot\spring-boot-starter-test\1.5.7.RELEASE\d23f37a72c2d4e46aba66bc69a649213f9cadeee\spring-boot-starter-test-1.5.7.RELEASE.jar;C:\Program Files\Gradle\caches\modules-2\files-2.1\org.assertj\assertj-core\3.8.0\b209d90ff2e279bee3e02547ee7b11349c52d0e3\assertj-core-3.8.0.jar;C:\Program Files\Gradle\caches\modules-2\files-2.1\com.h2database\h2\1.4.196\dd0034398d593aa3588c6773faac429bbd9aea0e\h2-1.4.196.jar;C:\Program Files\Gradle\caches\modules-2\files-2.1\org.springframework.boot\spring-boot-starter\1.5.7.RELEASE\b42fe6962dd8b3be4ac8c1d7134d0ca2d0a35c7e\spring-boot-starter-1.5.7.RELEASE.jar;C:\Program Files\Gradle\caches\modules-2\files-2.1\org.springframework.boot\spring-boot-starter-aop\1.5.7.RELEASE\189098a72ccc0cca07ea42d6715c10524b5a93d1\spring-boot-starter-aop-1.5.7.RELEASE.jar;C:\Program Files\Gradle\caches\modules-2\files-2.1\org.springframework.boot\spring-boot-starter-jdbc\1.5.7.RELEASE\98c652a5461ccbec70b55fd0f7815d9c9a37a082\spring-boot-starter-jdbc-1.5.7.RELEASE.jar;C:\Program Files\Gradle\caches\modules-2\files-2.1\org.hibernate\hibernate-core\5.0.12.Final\e58bf1c660e6706d8e2cbb53bae110f574366102\hibernate-core-5.0.12.Final.jar;C:\Program Files\Gradle\caches\modules-2\files-2.1\org.hibernate\hibernate-entitymanager\5.0.12.Final\302a526f5058290e9cbd719a5caf9f248d344719\hibernate-entitymanager-5.0.12.Final.jar;C:\Program Files\Gradle\caches\modules-2\files-2.1\javax.transaction\javax.transaction-api\1.2\d81aff979d603edd90dcd8db2abc1f4ce6479e3e\javax.transaction-api-1.2.jar;C:\Program Files\Gradle\caches\modules-2\files-2.1\org.springframework.data\spring-data-jpa\1.11.7.RELEASE\587051cc7d7a3ddfac6098d623a658abb2f15865\spring-data-jpa-1.11.7.RELEASE.jar;C:\Program Files\Gradle\caches\modules-2\files-2.1\org.springframework\spring-aspects\4.3.11.RELEASE\38ab744d37aef58762a03dbe7ab1479070ebadc6\spring-aspects-4.3.11.RELEASE.jar;C:\Program Files\Gradle\caches\modules-2\files-2.1\org.apache.tomcat.embed\tomcat-embed-el\8.5.20\42960f481a8a80f4ffd3b865c2232820e3565bf1\tomcat-embed-el-8.5.20.jar;C:\Program Files\Gradle\caches\modules-2\files-2.1\org.hibernate\hibernate-validator\5.3.5.Final\622a9bcef2eed6d41b5b8e0662c36212009e375\hibernate-validator-5.3.5.Final.jar;C:\Program Files\Gradle\caches\modules-2\files-2.1\org.springframework.boot\spring-boot-starter-tomcat\1.5.7.RELEASE\eae533e2a0111a51d812912acb3d3e2368736d1b\spring-boot-starter-tomcat-1.5.7.RELEASE.jar;C:\Program Files\Gradle\caches\modules-2\files-2.1\com.fasterxml.jackson.core\jackson-databind\2.8.10\f7b83cb2bc4b88d53961e749e1ad32f49ef017b7\jackson-databind-2.8.10.jar;C:\Program Files\Gradle\caches\modules-2\files-2.1\org.springframework\spring-web\4.3.11.RELEASE\50a3dfce550bdf9459dfb2c6282aa104b040258e\spring-web-4.3.11.RELEASE.jar;C:\Program Files\Gradle\caches\modules-2\files-2.1\org.springframework\spring-webmvc\4.3.11.RELEASE\814f91ec4dc324e724bbe7cbc5045b234604c539\spring-webmvc-4.3.11.RELEASE.jar;C:\Program Files\Gradle\caches\modules-2\files-2.1\org.jboss.logging\jboss-logging\3.3.1.Final\c46217ab74b532568c0ed31dc599db3048bd1b67\jboss-logging-3.3.1.Final.jar;C:\Program Files\Gradle\caches\modules-2\files-2.1\org.springframework.boot\spring-boot\1.5.7.RELEASE\1006870df7b3dc203df7ce84463c5dd7049fdaa4\spring-boot-1.5.7.RELEASE.jar;C:\Program Files\Gradle\caches\modules-2\files-2.1\org.springframework.boot\spring-boot-autoconfigure\1.5.7.RELEASE\e83f1407ff991e9e7eb156f49fa19d868bb73289\spring-boot-autoconfigure-1.5.7.RELEASE.jar;C:\Program Files\Gradle\caches\modules-2\files-2.1\org.springframework.boot\spring-boot-test\1.5.7.RELEASE\b8d77445d48f4320f404d8f13f4e5cb95bc36b30\spring-boot-test-1.5.7.RELEASE.jar;C:\Program Files\Gradle\caches\modules-2\files-2.1\org.springframework.boot\spring-boot-test-autoconfigure\1.5.7.RELEASE\8bead16b97c9f1b5fe7c47f3e030dd9351a6974d\spring-boot-test-autoconfigure-1.5.7.RELEASE.jar;C:\Program Files\Gradle\caches\modules-2\files-2.1\com.jayway.jsonpath\json-path\2.2.0\22290d17944bd239fabf5ac69005a60a7ecbbbcb\json-path-2.2.0.jar;C:\Program Files\Gradle\caches\modules-2\files-2.1\junit\junit\4.12\2973d150c0dc1fefe998f834810d68f278ea58ec\junit-4.12.jar;C:\Program Files\Gradle\caches\modules-2\files-2.1\org.mockito\mockito-core\1.10.19\e8546f5bef4e061d8dd73895b4e8f40e3fe6effe\mockito-core-1.10.19.jar;C:\Program Files\Gradle\caches\modules-2\files-2.1\org.hamcrest\hamcrest-core\1.3\42a25dc3219429f0e5d060061f71acb49bf010a0\hamcrest-core-1.3.jar;C:\Program Files\Gradle\caches\modules-2\files-2.1\org.hamcrest\hamcrest-library\1.3\4785a3c21320980282f9f33d0d1264a69040538f\hamcrest-library-1.3.jar;C:\Program Files\Gradle\caches\modules-2\files-2.1\org.skyscreamer\jsonassert\1.4.0\9cdbb373a06f6513e51e8c545ee6a5e981463edb\jsonassert-1.4.0.jar;C:\Program Files\Gradle\caches\modules-2\files-2.1\org.springframework\spring-core\4.3.11.RELEASE\eb30ed093f628279d3aead068fd478fa343f1dad\spring-core-4.3.11.RELEASE.jar;C:\Program Files\Gradle\caches\modules-2\files-2.1\org.springframework\spring-test\4.3.11.RELEASE\cf765b5d6d6bdc38c67522ecae3fe9549da43e1\spring-test-4.3.11.RELEASE.jar;C:\Program Files\Gradle\caches\modules-2\files-2.1\org.springframework.boot\spring-boot-starter-logging\1.5.7.RELEASE\c84c4ea09d7f789a0d5e936a961471e5dbd9295e\spring-boot-starter-logging-1.5.7.RELEASE.jar;C:\Program Files\Gradle\caches\modules-2\files-2.1\org.yaml\snakeyaml\1.17\7a27ea250c5130b2922b86dea63cbb1cc10a660c\snakeyaml-1.17.jar;C:\Program Files\Gradle\caches\modules-2\files-2.1\org.springframework\spring-aop\4.3.11.RELEASE\461d0bb58f1de30203d9331adf4b51de9554de5a\spring-aop-4.3.11.RELEASE.jar;C:\Program Files\Gradle\caches\modules-2\files-2.1\org.aspectj\aspectjweaver\1.8.10\e198c5fee28988c355f74e06461614eae36b2032\aspectjweaver-1.8.10.jar;C:\Program Files\Gradle\caches\modules-2\files-2.1\org.apache.tomcat\tomcat-jdbc\8.5.20\10d0d288d837ddfc92096920e4571054a3934160\tomcat-jdbc-8.5.20.jar;C:\Program Files\Gradle\caches\modules-2\files-2.1\org.springframework\spring-jdbc\4.3.11.RELEASE\642ed7497d327f299caccb930af6b65e229864c4\spring-jdbc-4.3.11.RELEASE.jar;C:\Program Files\Gradle\caches\modules-2\files-2.1\org.hibernate.javax.persistence\hibernate-jpa-2.1-api\1.0.0.Final\5e731d961297e5a07290bfaf3db1fbc8bbbf405a\hibernate-jpa-2.1-api-1.0.0.Final.jar;C:\Program Files\Gradle\caches\modules-2\files-2.1\org.javassist\javassist\3.21.0-GA\598244f595db5c5fb713731eddbb1c91a58d959b\javassist-3.21.0-GA.jar;C:\Program Files\Gradle\caches\modules-2\files-2.1\antlr\antlr\2.7.7\83cd2cd674a217ade95a4bb83a8a14f351f48bd0\antlr-2.7.7.jar;C:\Program Files\Gradle\caches\modules-2\files-2.1\org.jboss\jandex\2.0.0.Final\3e899258936f94649c777193e1be846387ed54b3\jandex-2.0.0.Final.jar;C:\Program Files\Gradle\caches\modules-2\files-2.1\dom4j\dom4j\1.6.1\5d3ccc056b6f056dbf0dddfdf43894b9065a8f94\dom4j-1.6.1.jar;C:\Program Files\Gradle\caches\modules-2\files-2.1\org.hibernate.common\hibernate-commons-annotations\5.0.1.Final\71e1cff3fcb20d3b3af4f3363c3ddb24d33c6879\hibernate-commons-annotations-5.0.1.Final.jar;C:\Program Files\Gradle\caches\modules-2\files-2.1\org.springframework.data\spring-data-commons\1.13.7.RELEASE\cf4538abda1f0a9cf2323d6e4204df0130aeec73\spring-data-commons-1.13.7.RELEASE.jar;C:\Program Files\Gradle\caches\modules-2\files-2.1\org.springframework\spring-orm\4.3.11.RELEASE\7ba1b25ad62b29295aa90ae88f9f35e84861953c\spring-orm-4.3.11.RELEASE.jar;C:\Program Files\Gradle\caches\modules-2\files-2.1\org.springframework\spring-context\4.3.11.RELEASE\3efec2d7c7469d49108a2b21c3f15831f7297569\spring-context-4.3.11.RELEASE.jar;C:\Program Files\Gradle\caches\modules-2\files-2.1\org.springframework\spring-tx\4.3.11.RELEASE\c931ee363d2269f03edfeb83d7d7fe23924ab8a1\spring-tx-4.3.11.RELEASE.jar;C:\Program Files\Gradle\caches\modules-2\files-2.1\org.springframework\spring-beans\4.3.11.RELEASE\591cc35fd39292adae13f01aa13e978d0bb11936\spring-beans-4.3.11.RELEASE.jar;C:\Program Files\Gradle\caches\modules-2\files-2.1\org.slf4j\slf4j-api\1.7.25\da76ca59f6a57ee3102f8f9bd9cee742973efa8a\slf4j-api-1.7.25.jar;C:\Program Files\Gradle\caches\modules-2\files-2.1\org.slf4j\jcl-over-slf4j\1.7.25\f8c32b13ff142a513eeb5b6330b1588dcb2c0461\jcl-over-slf4j-1.7.25.jar;C:\Program Files\Gradle\caches\modules-2\files-2.1\javax.validation\validation-api\1.1.0.Final\8613ae82954779d518631e05daa73a6a954817d5\validation-api-1.1.0.Final.jar;C:\Program Files\Gradle\caches\modules-2\files-2.1\com.fasterxml\classmate\1.3.4\3d5f48f10bbe4eb7bd862f10c0583be2e0053c6\classmate-1.3.4.jar;C:\Program Files\Gradle\caches\modules-2\files-2.1\org.apache.tomcat.embed\tomcat-embed-core\8.5.20\b9026ee20f1f6a2b0fc3e51dd806d800901448b0\tomcat-embed-core-8.5.20.jar;C:\Program Files\Gradle\caches\modules-2\files-2.1\org.apache.tomcat.embed\tomcat-embed-websocket\8.5.20\4df9055507926a2651f691cc9964c50493a0ab29\tomcat-embed-websocket-8.5.20.jar;C:\Program Files\Gradle\caches\modules-2\files-2.1\com.fasterxml.jackson.core\jackson-annotations\2.8.0\45b426f7796b741035581a176744d91090e2e6fb\jackson-annotations-2.8.0.jar;C:\Program Files\Gradle\caches\modules-2\files-2.1\com.fasterxml.jackson.core\jackson-core\2.8.10\eb21a035c66ad307e66ec8fce37f5d50fd62d039\jackson-core-2.8.10.jar;C:\Program Files\Gradle\caches\modules-2\files-2.1\org.springframework\spring-expression\4.3.11.RELEASE\fca662a2fccdad90ec22b2aaecb021047dcbe249\spring-expression-4.3.11.RELEASE.jar;C:\Program Files\Gradle\caches\modules-2\files-2.1\net.minidev\json-smart\2.2.1\5b9e5df7a62d1279b70dc882b041d249c4f0b002\json-smart-2.2.1.jar;C:\Program Files\Gradle\caches\modules-2\files-2.1\org.objenesis\objenesis\2.1\87c0ea803b69252868d09308b4618f766f135a96\objenesis-2.1.jar;C:\Program Files\Gradle\caches\modules-2\files-2.1\com.vaadin.external.google\android-json\0.0.20131108.vaadin1\fa26d351fe62a6a17f5cda1287c1c6110dec413f\android-json-0.0.20131108.vaadin1.jar;C:\Program Files\Gradle\caches\modules-2\files-2.1\ch.qos.logback\logback-classic\1.1.11\ccedfbacef4a6515d2983e3f89ed753d5d4fb665\logback-classic-1.1.11.jar;C:\Program Files\Gradle\caches\modules-2\files-2.1\org.slf4j\jul-to-slf4j\1.7.25\af5364cd6679bfffb114f0dec8a157aaa283b76\jul-to-slf4j-1.7.25.jar;C:\Program Files\Gradle\caches\modules-2\files-2.1\org.slf4j\log4j-over-slf4j\1.7.25\a87bb47468f47ee7aabbd54f93e133d4215769c3\log4j-over-slf4j-1.7.25.jar;C:\Program Files\Gradle\caches\modules-2\files-2.1\org.apache.tomcat\tomcat-juli\8.5.20\6c0579d329696059f377585d2a51455bf083d9ee\tomcat-juli-8.5.20.jar;C:\Program Files\Gradle\caches\modules-2\files-2.1\net.minidev\accessors-smart\1.1\a527213f2fea112a04c9bdf0ec0264e34104cd08\accessors-smart-1.1.jar;C:\Program Files\Gradle\caches\modules-2\files-2.1\ch.qos.logback\logback-core\1.1.11\88b8df40340eed549fb07e2613879bf6b006704d\logback-core-1.1.11.jar;C:\Program Files\Gradle\caches\modules-2\files-2.1\org.ow2.asm\asm\5.0.3\dcc2193db20e19e1feca8b1240dbbc4e190824fa\asm-5.0.3.jar, user.name=fabian.diaz, java.vm.specification.version=1.8, sun.java.command=worker.org.gradle.process.internal.worker.GradleWorkerMain 'Gradle Test Executor 1', java.home=C:\Program Files\Java\jdk1.8.0_144\jre, sun.arch.data.model=64, user.language=en, java.specification.vendor=Oracle Corporation, awt.toolkit=sun.awt.windows.WToolkit, java.vm.info=mixed mode, java.version=1.8.0_144, java.ext.dirs=C:\Program Files\Java\jdk1.8.0_144\jre\lib\ext;C:\Windows\Sun\Java\lib\ext, sun.boot.class.path=C:\Program Files\Java\jdk1.8.0_144\jre\lib\resources.jar;C:\Program Files\Java\jdk1.8.0_144\jre\lib\rt.jar;C:\Program Files\Java\jdk1.8.0_144\jre\lib\sunrsasign.jar;C:\Program Files\Java\jdk1.8.0_144\jre\lib\jsse.jar;C:\Program Files\Java\jdk1.8.0_144\jre\lib\jce.jar;C:\Program Files\Java\jdk1.8.0_144\jre\lib\charsets.jar;C:\Program Files\Java\jdk1.8.0_144\jre\lib\jfr.jar;C:\Program Files\Java\jdk1.8.0_144\jre\classes, java.vendor=Oracle Corporation, org.gradle.test.worker=1, file.separator=\, java.vendor.url.bug=http://bugreport.sun.com/bugreport/, sun.io.unicode.encoding=UnicodeLittle, sun.cpu.endian=little, sun.desktop=windows, sun.cpu.isalist=amd64}}, SystemEnvironmentPropertySource@430441844 {name='systemEnvironment', properties={USERDOMAIN_ROAMINGPROFILE=CEIBA, LOCALAPPDATA=C:\Users\fabian.diaz\AppData\Local, PROCESSOR_LEVEL=6, USERDOMAIN=CEIBA, LOGONSERVER=\\CRONOS, JAVA_HOME=C:\Program Files\Java\jdk1.8.0_144, SESSIONNAME=Console, ALLUSERSPROFILE=C:\ProgramData, PROCESSOR_ARCHITECTURE=AMD64, GRADLE_HOME=C:\Program Files\Gradle, PSModulePath=C:\Program Files\WindowsPowerShell\Modules;C:\Windows\system32\WindowsPowerShell\v1.0\Modules, SystemDrive=C:, OneDrive=C:\Users\fabian.diaz\OneDrive, APPDATA=C:\Users\fabian.diaz\AppData\Roaming, USERNAME=fabian.diaz, USERDNSDOMAIN=CEIBA.LOCAL, ProgramFiles(x86)=C:\Program Files (x86), CommonProgramFiles=C:\Program Files\Common Files, Path=C:/Program Files/Java/jre1.8.0_144/bin/server;C:/Program Files/Java/jre1.8.0_144/bin;C:/Program Files/Java/jre1.8.0_144/lib/amd64;C:\Program Files\Docker\Docker\Resources\bin;C:\ProgramData\Oracle\Java\javapath;C:\Program Files (x86)\Intel\iCLS Client\;C:\Program Files\Intel\iCLS Client\;C:\Program Files\CollabNet\Subversion Client;C:\Oracle\product\11.1.0\client_1\bin;C:\Windows\system32;C:\Windows;C:\Windows\System32\Wbem;C:\Windows\System32\WindowsPowerShell\v1.0\;C:\Program Files\TortoiseSVN\bin;C:\Program Files\PuTTY\;C:\Program Files (x86)\Intel\Intel(R) Management Engine Components\DAL;C:\Program Files\Intel\Intel(R) Management Engine Components\DAL;C:\Program Files (x86)\Intel\Intel(R) Management Engine Components\IPT;C:\Program Files\Intel\Intel(R) Management Engine Components\IPT;C:\Program Files\Java\jdk1.8.0_144\bin;C:\Program Files\Git\cmd;C:\Program Files (x86)\Yarn\bin;C:\Program Files\Gradle\bin;C:\Program Files\nodejs\;C:\Users\fabian.diaz\AppData\Local\Microsoft\WindowsApps;C:\Program Files\Microsoft VS Code\bin;C:\Users\fabian.diaz\AppData\Local\Yarn\bin;C:\Users\fabian.diaz\AppData\Roaming\npm;C:\Program Files\Eclipse;, PATHEXT=.COM;.EXE;.BAT;.CMD;.VBS;.VBE;.JS;.JSE;.WSF;.WSH;.MSC, OS=Windows_NT, COMPUTERNAME=FABIAN-DIAZ, PROCESSOR_REVISION=3a09, CommonProgramW6432=C:\Program Files\Common Files, ComSpec=C:\Windows\system32\cmd.exe, ProgramData=C:\ProgramData, ProgramW6432=C:\Program Files, HOMEPATH=\Users\fabian.diaz, SystemRoot=C:\Windows, TEMP=C:\Users\FABIAN~1.DIA\AppData\Local\Temp, HOMEDRIVE=C:, PROCESSOR_IDENTIFIER=Intel64 Family 6 Model 58 Stepping 9, GenuineIntel, USERPROFILE=C:\Users\fabian.diaz, TMP=C:\Users\FABIAN~1.DIA\AppData\Local\Temp, CommonProgramFiles(x86)=C:\Program Files (x86)\Common Files, ProgramFiles=C:\Program Files, PUBLIC=C:\Users\Public, NUMBER_OF_PROCESSORS=8, windir=C:\Windows, =::=::\}}]
14:26:37.784 [Test worker] DEBUG org.springframework.core.env.StandardEnvironment - Adding PropertySource 'test' with highest search precedence
14:26:37.787 [Test worker] DEBUG org.springframework.test.context.support.TestPropertySourceUtils - Adding inlined properties to environment: {spring.jmx.enabled=false, org.springframework.boot.test.context.SpringBootTestContextBootstrapper=true, server.port=0}
14:26:37.788 [Test worker] DEBUG org.springframework.core.env.StandardEnvironment - Adding PropertySource 'Inlined Test Properties' with highest search precedence

  .   ____          _            __ _ _
 /\\ / ___'_ __ _ _(_)_ __  __ _ \ \ \ \
( ( )\___ | '_ | '_| | '_ \/ _` | \ \ \ \
 \\/  ___)| |_)| | | | | || (_| |  ) ) ) )
  '  |____| .__|_| |_|_| |_\__, | / / / /
 =========|_|==============|___/=/_/_/_/
 :: Spring Boot ::        (v1.5.7.RELEASE)

2017-10-05 14:26:38,580 INFO  co.com.ceiba.parking.controllers.CarParkControllerIntTest : Starting CarParkControllerIntTest on FABIAN-DIAZ with PID 12736 (started by fabian.diaz in C:\Users\fabian.diaz\Documents\Parking\Code\api)
2017-10-05 14:26:38,583 INFO  co.com.ceiba.parking.controllers.CarParkControllerIntTest : The following profiles are active: test
2017-10-05 14:26:38,621 INFO  org.springframework.boot.context.embedded.AnnotationConfigEmbeddedWebApplicationContext : Refreshing org.springframework.boot.context.embedded.AnnotationConfigEmbeddedWebApplicationContext@3003ffb8: startup date [Thu Oct 05 14:26:38 COT 2017]; root of context hierarchy
2017-10-05 14:26:39,330 DEBUG org.hibernate.validator.internal.engine.resolver.DefaultTraversableResolver : Found javax.persistence.Persistence on classpath containing 'getPersistenceUtil'. Assuming JPA 2 environment. Trying to instantiate JPA aware TraversableResolver
2017-10-05 14:26:39,340 DEBUG org.hibernate.validator.internal.engine.resolver.DefaultTraversableResolver : Instantiated JPA aware TraversableResolver of type org.hibernate.validator.internal.engine.resolver.JPATraversableResolver.
2017-10-05 14:26:41,621 DEBUG org.hibernate.validator.internal.engine.resolver.DefaultTraversableResolver : Found javax.persistence.Persistence on classpath containing 'getPersistenceUtil'. Assuming JPA 2 environment. Trying to instantiate JPA aware TraversableResolver
2017-10-05 14:26:41,664 DEBUG org.hibernate.validator.internal.engine.resolver.DefaultTraversableResolver : Instantiated JPA aware TraversableResolver of type org.hibernate.validator.internal.engine.resolver.JPATraversableResolver.
2017-10-05 14:26:41,682 DEBUG org.hibernate.validator.internal.engine.resolver.DefaultTraversableResolver : Found javax.persistence.Persistence on classpath containing 'getPersistenceUtil'. Assuming JPA 2 environment. Trying to instantiate JPA aware TraversableResolver
2017-10-05 14:26:41,685 DEBUG org.hibernate.validator.internal.engine.resolver.DefaultTraversableResolver : Instantiated JPA aware TraversableResolver of type org.hibernate.validator.internal.engine.resolver.JPATraversableResolver.
2017-10-05 14:26:41,730 DEBUG org.hibernate.validator.internal.engine.ConfigurationImpl : Setting custom MessageInterpolator of type org.springframework.validation.beanvalidation.LocaleContextMessageInterpolator
2017-10-05 14:26:41,731 DEBUG org.hibernate.validator.internal.engine.ConfigurationImpl : Setting custom ConstraintValidatorFactory of type org.springframework.validation.beanvalidation.SpringConstraintValidatorFactory
2017-10-05 14:26:41,733 DEBUG org.hibernate.validator.internal.engine.ConfigurationImpl : Setting custom ParameterNameProvider of type com.sun.proxy.$Proxy94
2017-10-05 14:26:41,738 DEBUG org.hibernate.validator.internal.xml.ValidationXmlParser : Trying to load META-INF/validation.xml for XML based Validator configuration.
2017-10-05 14:26:41,740 DEBUG org.hibernate.validator.internal.xml.ResourceLoaderHelper : Trying to load META-INF/validation.xml via user class loader
2017-10-05 14:26:41,742 DEBUG org.hibernate.validator.internal.xml.ResourceLoaderHelper : Trying to load META-INF/validation.xml via TCCL
2017-10-05 14:26:41,743 DEBUG org.hibernate.validator.internal.xml.ResourceLoaderHelper : Trying to load META-INF/validation.xml via Hibernate Validator's class loader
2017-10-05 14:26:41,871 DEBUG org.hibernate.validator.internal.xml.ValidationXmlParser : No META-INF/validation.xml found. Using annotation based configuration only.
2017-10-05 14:26:42,825 INFO  org.springframework.boot.context.embedded.tomcat.TomcatEmbeddedServletContainer : Tomcat initialized with port(s): 0 (http)
2017-10-05 14:26:42,856 INFO  org.apache.catalina.core.StandardService : Starting service [Tomcat]
2017-10-05 14:26:42,858 INFO  org.apache.catalina.core.StandardEngine : Starting Servlet Engine: Apache Tomcat/8.5.20
2017-10-05 14:26:43,086 INFO  org.apache.catalina.core.ContainerBase.[Tomcat].[localhost].[/api] : Initializing Spring embedded WebApplicationContext
2017-10-05 14:26:43,087 INFO  org.springframework.web.context.ContextLoader : Root WebApplicationContext: initialization completed in 4469 ms
2017-10-05 14:26:43,352 INFO  org.springframework.boot.web.servlet.ServletRegistrationBean : Mapping servlet: 'dispatcherServlet' to [/]
2017-10-05 14:26:43,359 INFO  org.springframework.boot.web.servlet.FilterRegistrationBean : Mapping filter: 'characterEncodingFilter' to: [/*]
2017-10-05 14:26:43,363 INFO  org.springframework.boot.web.servlet.FilterRegistrationBean : Mapping filter: 'hiddenHttpMethodFilter' to: [/*]
2017-10-05 14:26:43,363 INFO  org.springframework.boot.web.servlet.FilterRegistrationBean : Mapping filter: 'httpPutFormContentFilter' to: [/*]
2017-10-05 14:26:43,363 INFO  org.springframework.boot.web.servlet.FilterRegistrationBean : Mapping filter: 'requestContextFilter' to: [/*]
2017-10-05 14:26:44,202 INFO  org.springframework.orm.jpa.LocalContainerEntityManagerFactoryBean : Building JPA container EntityManagerFactory for persistence unit 'default'
2017-10-05 14:26:44,248 DEBUG org.hibernate.jpa.internal.util.LogHelper : PersistenceUnitInfo [
	name: default
	persistence provider classname: null
	classloader: sun.misc.Launcher$AppClassLoader@73d16e93
	excludeUnlistedClasses: true
	JTA datasource: null
	Non JTA datasource: org.apache.tomcat.jdbc.pool.DataSource@7ade4f29{ConnectionPool[defaultAutoCommit=null; defaultReadOnly=null; defaultTransactionIsolation=-1; defaultCatalog=null; driverClassName=org.h2.Driver; maxActive=100; maxIdle=100; minIdle=10; initialSize=10; maxWait=30000; testOnBorrow=false; testOnReturn=false; timeBetweenEvictionRunsMillis=5000; numTestsPerEvictionRun=0; minEvictableIdleTimeMillis=60000; testWhileIdle=false; testOnConnect=false; password=********; url=jdbc:h2:mem:parking_test; username=; validationQuery=null; validationQueryTimeout=-1; validatorClassName=null; validationInterval=3000; accessToUnderlyingConnectionAllowed=true; removeAbandoned=false; removeAbandonedTimeout=60; logAbandoned=false; connectionProperties=null; initSQL=null; jdbcInterceptors=null; jmxEnabled=true; fairQueue=true; useEquals=true; abandonWhenPercentageFull=0; maxAge=0; useLock=false; dataSource=null; dataSourceJNDI=null; suspectTimeout=0; alternateUsernameAllowed=false; commitOnReturn=false; rollbackOnReturn=false; useDisposableConnectionFacade=true; logValidationErrors=false; propagateInterruptState=false; ignoreExceptionOnPreLoad=false; useStatementFacade=true; }
	Transaction type: RESOURCE_LOCAL
	PU root URL: file:/C:/Users/fabian.diaz/Documents/Parking/Code/api/build/classes/test/
	Shared Cache Mode: UNSPECIFIED
	Validation Mode: AUTO
	Jar files URLs []
	Managed classes names [
		co.com.ceiba.parking.entities.DbCarPark
		co.com.ceiba.parking.entities.DbVehicle]
	Mapping files names []
	Properties []
2017-10-05 14:26:44,281 DEBUG org.hibernate.integrator.internal.IntegratorServiceImpl : Adding Integrator [org.hibernate.cfg.beanvalidation.BeanValidationIntegrator].
2017-10-05 14:26:44,287 DEBUG org.hibernate.integrator.internal.IntegratorServiceImpl : Adding Integrator [org.hibernate.secure.spi.JaccIntegrator].
2017-10-05 14:26:44,293 DEBUG org.hibernate.integrator.internal.IntegratorServiceImpl : Adding Integrator [org.hibernate.cache.internal.CollectionCacheInvalidator].
2017-10-05 14:26:44,295 DEBUG org.hibernate.integrator.internal.IntegratorServiceImpl : Adding Integrator [org.hibernate.jpa.event.spi.JpaIntegrator].
2017-10-05 14:26:44,420 INFO  org.hibernate.Version : HHH000412: Hibernate Core {5.0.12.Final}
2017-10-05 14:26:44,423 INFO  org.hibernate.cfg.Environment : HHH000206: hibernate.properties not found
2017-10-05 14:26:44,425 INFO  org.hibernate.cfg.Environment : HHH000021: Bytecode provider name : javassist
2017-10-05 14:26:44,449 DEBUG org.hibernate.service.spi.ServiceBinding : Overriding existing service binding [org.hibernate.secure.spi.JaccService]
2017-10-05 14:26:44,498 DEBUG org.hibernate.cache.internal.RegionFactoryInitiator : Cache region factory : org.hibernate.cache.internal.NoCachingRegionFactory
2017-10-05 14:26:44,516 INFO  org.hibernate.annotations.common.Version : HCANN000001: Hibernate Commons Annotations {5.0.1.Final}
2017-10-05 14:26:44,650 DEBUG org.hibernate.type.BasicTypeRegistry : Adding type registration boolean -> org.hibernate.type.BooleanType@27ba0320
2017-10-05 14:26:44,653 DEBUG org.hibernate.type.BasicTypeRegistry : Adding type registration boolean -> org.hibernate.type.BooleanType@27ba0320
2017-10-05 14:26:44,653 DEBUG org.hibernate.type.BasicTypeRegistry : Adding type registration java.lang.Boolean -> org.hibernate.type.BooleanType@27ba0320
2017-10-05 14:26:44,656 DEBUG org.hibernate.type.BasicTypeRegistry : Adding type registration numeric_boolean -> org.hibernate.type.NumericBooleanType@36aa1d3a
2017-10-05 14:26:44,659 DEBUG org.hibernate.type.BasicTypeRegistry : Adding type registration true_false -> org.hibernate.type.TrueFalseType@3a9d6692
2017-10-05 14:26:44,661 DEBUG org.hibernate.type.BasicTypeRegistry : Adding type registration yes_no -> org.hibernate.type.YesNoType@37ab0500
2017-10-05 14:26:44,664 DEBUG org.hibernate.type.BasicTypeRegistry : Adding type registration byte -> org.hibernate.type.ByteType@3eddf751
2017-10-05 14:26:44,664 DEBUG org.hibernate.type.BasicTypeRegistry : Adding type registration byte -> org.hibernate.type.ByteType@3eddf751
2017-10-05 14:26:44,664 DEBUG org.hibernate.type.BasicTypeRegistry : Adding type registration java.lang.Byte -> org.hibernate.type.ByteType@3eddf751
2017-10-05 14:26:44,669 DEBUG org.hibernate.type.BasicTypeRegistry : Adding type registration character -> org.hibernate.type.CharacterType@32b16fb1
2017-10-05 14:26:44,669 DEBUG org.hibernate.type.BasicTypeRegistry : Adding type registration char -> org.hibernate.type.CharacterType@32b16fb1
2017-10-05 14:26:44,669 DEBUG org.hibernate.type.BasicTypeRegistry : Adding type registration java.lang.Character -> org.hibernate.type.CharacterType@32b16fb1
2017-10-05 14:26:44,672 DEBUG org.hibernate.type.BasicTypeRegistry : Adding type registration short -> org.hibernate.type.ShortType@6d87a41f
2017-10-05 14:26:44,672 DEBUG org.hibernate.type.BasicTypeRegistry : Adding type registration short -> org.hibernate.type.ShortType@6d87a41f
2017-10-05 14:26:44,673 DEBUG org.hibernate.type.BasicTypeRegistry : Adding type registration java.lang.Short -> org.hibernate.type.ShortType@6d87a41f
2017-10-05 14:26:44,674 DEBUG org.hibernate.type.BasicTypeRegistry : Adding type registration integer -> org.hibernate.type.IntegerType@4885c468
2017-10-05 14:26:44,675 DEBUG org.hibernate.type.BasicTypeRegistry : Adding type registration int -> org.hibernate.type.IntegerType@4885c468
2017-10-05 14:26:44,675 DEBUG org.hibernate.type.BasicTypeRegistry : Adding type registration java.lang.Integer -> org.hibernate.type.IntegerType@4885c468
2017-10-05 14:26:44,677 DEBUG org.hibernate.type.BasicTypeRegistry : Adding type registration long -> org.hibernate.type.LongType@56ffe4ac
2017-10-05 14:26:44,677 DEBUG org.hibernate.type.BasicTypeRegistry : Adding type registration long -> org.hibernate.type.LongType@56ffe4ac
2017-10-05 14:26:44,677 DEBUG org.hibernate.type.BasicTypeRegistry : Adding type registration java.lang.Long -> org.hibernate.type.LongType@56ffe4ac
2017-10-05 14:26:44,680 DEBUG org.hibernate.type.BasicTypeRegistry : Adding type registration float -> org.hibernate.type.FloatType@4408c72c
2017-10-05 14:26:44,681 DEBUG org.hibernate.type.BasicTypeRegistry : Adding type registration float -> org.hibernate.type.FloatType@4408c72c
2017-10-05 14:26:44,681 DEBUG org.hibernate.type.BasicTypeRegistry : Adding type registration java.lang.Float -> org.hibernate.type.FloatType@4408c72c
2017-10-05 14:26:44,685 DEBUG org.hibernate.type.BasicTypeRegistry : Adding type registration double -> org.hibernate.type.DoubleType@2b20210b
2017-10-05 14:26:44,687 DEBUG org.hibernate.type.BasicTypeRegistry : Adding type registration double -> org.hibernate.type.DoubleType@2b20210b
2017-10-05 14:26:44,687 DEBUG org.hibernate.type.BasicTypeRegistry : Adding type registration java.lang.Double -> org.hibernate.type.DoubleType@2b20210b
2017-10-05 14:26:44,692 DEBUG org.hibernate.type.BasicTypeRegistry : Adding type registration big_decimal -> org.hibernate.type.BigDecimalType@61cd2181
2017-10-05 14:26:44,692 DEBUG org.hibernate.type.BasicTypeRegistry : Adding type registration java.math.BigDecimal -> org.hibernate.type.BigDecimalType@61cd2181
2017-10-05 14:26:44,694 DEBUG org.hibernate.type.BasicTypeRegistry : Adding type registration big_integer -> org.hibernate.type.BigIntegerType@db8c6a6
2017-10-05 14:26:44,694 DEBUG org.hibernate.type.BasicTypeRegistry : Adding type registration java.math.BigInteger -> org.hibernate.type.BigIntegerType@db8c6a6
2017-10-05 14:26:44,697 DEBUG org.hibernate.type.BasicTypeRegistry : Adding type registration string -> org.hibernate.type.StringType@45b64dd6
2017-10-05 14:26:44,697 DEBUG org.hibernate.type.BasicTypeRegistry : Adding type registration java.lang.String -> org.hibernate.type.StringType@45b64dd6
2017-10-05 14:26:44,699 DEBUG org.hibernate.type.BasicTypeRegistry : Adding type registration nstring -> org.hibernate.type.StringNVarcharType@128cf836
2017-10-05 14:26:44,701 DEBUG org.hibernate.type.BasicTypeRegistry : Adding type registration ncharacter -> org.hibernate.type.CharacterNCharType@d8b16ff
2017-10-05 14:26:44,702 DEBUG org.hibernate.type.BasicTypeRegistry : Adding type registration url -> org.hibernate.type.UrlType@3744f107
2017-10-05 14:26:44,702 DEBUG org.hibernate.type.BasicTypeRegistry : Adding type registration java.net.URL -> org.hibernate.type.UrlType@3744f107
2017-10-05 14:26:44,705 DEBUG org.hibernate.type.BasicTypeRegistry : Adding type registration date -> org.hibernate.type.DateType@12e49086
2017-10-05 14:26:44,705 DEBUG org.hibernate.type.BasicTypeRegistry : Adding type registration java.sql.Date -> org.hibernate.type.DateType@12e49086
2017-10-05 14:26:44,708 DEBUG org.hibernate.type.BasicTypeRegistry : Adding type registration time -> org.hibernate.type.TimeType@22cc5d5f
2017-10-05 14:26:44,708 DEBUG org.hibernate.type.BasicTypeRegistry : Adding type registration java.sql.Time -> org.hibernate.type.TimeType@22cc5d5f
2017-10-05 14:26:44,711 DEBUG org.hibernate.type.BasicTypeRegistry : Adding type registration timestamp -> org.hibernate.type.TimestampType@77ed8dc5
2017-10-05 14:26:44,711 DEBUG org.hibernate.type.BasicTypeRegistry : Adding type registration java.sql.Timestamp -> org.hibernate.type.TimestampType@77ed8dc5
2017-10-05 14:26:44,711 DEBUG org.hibernate.type.BasicTypeRegistry : Adding type registration java.util.Date -> org.hibernate.type.TimestampType@77ed8dc5
2017-10-05 14:26:44,713 DEBUG org.hibernate.type.BasicTypeRegistry : Adding type registration dbtimestamp -> org.hibernate.type.DbTimestampType@461961f
2017-10-05 14:26:44,715 DEBUG org.hibernate.type.BasicTypeRegistry : Adding type registration calendar -> org.hibernate.type.CalendarType@73f7e4b7
2017-10-05 14:26:44,715 DEBUG org.hibernate.type.BasicTypeRegistry : Adding type registration java.util.Calendar -> org.hibernate.type.CalendarType@73f7e4b7
2017-10-05 14:26:44,716 DEBUG org.hibernate.type.BasicTypeRegistry : Adding type registration java.util.GregorianCalendar -> org.hibernate.type.CalendarType@73f7e4b7
2017-10-05 14:26:44,717 DEBUG org.hibernate.type.BasicTypeRegistry : Adding type registration calendar_date -> org.hibernate.type.CalendarDateType@7a15add0
2017-10-05 14:26:44,720 DEBUG org.hibernate.type.BasicTypeRegistry : Adding type registration locale -> org.hibernate.type.LocaleType@2d1e3b6b
2017-10-05 14:26:44,721 DEBUG org.hibernate.type.BasicTypeRegistry : Adding type registration java.util.Locale -> org.hibernate.type.LocaleType@2d1e3b6b
2017-10-05 14:26:44,722 DEBUG org.hibernate.type.BasicTypeRegistry : Adding type registration currency -> org.hibernate.type.CurrencyType@5fdfec64
2017-10-05 14:26:44,722 DEBUG org.hibernate.type.BasicTypeRegistry : Adding type registration java.util.Currency -> org.hibernate.type.CurrencyType@5fdfec64
2017-10-05 14:26:44,724 DEBUG org.hibernate.type.BasicTypeRegistry : Adding type registration timezone -> org.hibernate.type.TimeZoneType@15a72b02
2017-10-05 14:26:44,724 DEBUG org.hibernate.type.BasicTypeRegistry : Adding type registration java.util.TimeZone -> org.hibernate.type.TimeZoneType@15a72b02
2017-10-05 14:26:44,725 DEBUG org.hibernate.type.BasicTypeRegistry : Adding type registration class -> org.hibernate.type.ClassType@79dbbfb8
2017-10-05 14:26:44,726 DEBUG org.hibernate.type.BasicTypeRegistry : Adding type registration java.lang.Class -> org.hibernate.type.ClassType@79dbbfb8
2017-10-05 14:26:44,731 DEBUG org.hibernate.type.BasicTypeRegistry : Adding type registration uuid-binary -> org.hibernate.type.UUIDBinaryType@3e280d47
2017-10-05 14:26:44,732 DEBUG org.hibernate.type.BasicTypeRegistry : Adding type registration java.util.UUID -> org.hibernate.type.UUIDBinaryType@3e280d47
2017-10-05 14:26:44,733 DEBUG org.hibernate.type.BasicTypeRegistry : Adding type registration uuid-char -> org.hibernate.type.UUIDCharType@63ab1b8f
2017-10-05 14:26:44,735 DEBUG org.hibernate.type.BasicTypeRegistry : Adding type registration binary -> org.hibernate.type.BinaryType@5abef5e1
2017-10-05 14:26:44,736 DEBUG org.hibernate.type.BasicTypeRegistry : Adding type registration byte[] -> org.hibernate.type.BinaryType@5abef5e1
2017-10-05 14:26:44,736 DEBUG org.hibernate.type.BasicTypeRegistry : Adding type registration [B -> org.hibernate.type.BinaryType@5abef5e1
2017-10-05 14:26:44,738 DEBUG org.hibernate.type.BasicTypeRegistry : Adding type registration wrapper-binary -> org.hibernate.type.WrapperBinaryType@c3c0f09
2017-10-05 14:26:44,738 DEBUG org.hibernate.type.BasicTypeRegistry : Adding type registration Byte[] -> org.hibernate.type.WrapperBinaryType@c3c0f09
2017-10-05 14:26:44,738 DEBUG org.hibernate.type.BasicTypeRegistry : Adding type registration [Ljava.lang.Byte; -> org.hibernate.type.WrapperBinaryType@c3c0f09
2017-10-05 14:26:44,740 DEBUG org.hibernate.type.BasicTypeRegistry : Adding type registration row_version -> org.hibernate.type.RowVersionType@2943f9a
2017-10-05 14:26:44,742 DEBUG org.hibernate.type.BasicTypeRegistry : Adding type registration image -> org.hibernate.type.ImageType@7e2aa95
2017-10-05 14:26:44,743 DEBUG org.hibernate.type.BasicTypeRegistry : Adding type registration characters -> org.hibernate.type.CharArrayType@14e6ceee
2017-10-05 14:26:44,743 DEBUG org.hibernate.type.BasicTypeRegistry : Adding type registration char[] -> org.hibernate.type.CharArrayType@14e6ceee
2017-10-05 14:26:44,744 DEBUG org.hibernate.type.BasicTypeRegistry : Adding type registration [C -> org.hibernate.type.CharArrayType@14e6ceee
2017-10-05 14:26:44,745 DEBUG org.hibernate.type.BasicTypeRegistry : Adding type registration wrapper-characters -> org.hibernate.type.CharacterArrayType@3de8b266
2017-10-05 14:26:44,745 DEBUG org.hibernate.type.BasicTypeRegistry : Adding type registration [Ljava.lang.Character; -> org.hibernate.type.CharacterArrayType@3de8b266
2017-10-05 14:26:44,745 DEBUG org.hibernate.type.BasicTypeRegistry : Adding type registration Character[] -> org.hibernate.type.CharacterArrayType@3de8b266
2017-10-05 14:26:44,747 DEBUG org.hibernate.type.BasicTypeRegistry : Adding type registration text -> org.hibernate.type.TextType@480728cc
2017-10-05 14:26:44,748 DEBUG org.hibernate.type.BasicTypeRegistry : Adding type registration ntext -> org.hibernate.type.NTextType@120b8c43
2017-10-05 14:26:44,757 DEBUG org.hibernate.type.BasicTypeRegistry : Adding type registration blob -> org.hibernate.type.BlobType@3007f055
2017-10-05 14:26:44,757 DEBUG org.hibernate.type.BasicTypeRegistry : Adding type registration java.sql.Blob -> org.hibernate.type.BlobType@3007f055
2017-10-05 14:26:44,758 DEBUG org.hibernate.type.BasicTypeRegistry : Adding type registration materialized_blob -> org.hibernate.type.MaterializedBlobType@24d29d50
2017-10-05 14:26:44,764 DEBUG org.hibernate.type.BasicTypeRegistry : Adding type registration clob -> org.hibernate.type.ClobType@751b72a3
2017-10-05 14:26:44,765 DEBUG org.hibernate.type.BasicTypeRegistry : Adding type registration java.sql.Clob -> org.hibernate.type.ClobType@751b72a3
2017-10-05 14:26:44,771 DEBUG org.hibernate.type.BasicTypeRegistry : Adding type registration nclob -> org.hibernate.type.NClobType@4ae427ce
2017-10-05 14:26:44,771 DEBUG org.hibernate.type.BasicTypeRegistry : Adding type registration java.sql.NClob -> org.hibernate.type.NClobType@4ae427ce
2017-10-05 14:26:44,772 DEBUG org.hibernate.type.BasicTypeRegistry : Adding type registration materialized_clob -> org.hibernate.type.MaterializedClobType@102db056
2017-10-05 14:26:44,773 DEBUG org.hibernate.type.BasicTypeRegistry : Adding type registration materialized_nclob -> org.hibernate.type.MaterializedNClobType@33a2b4cd
2017-10-05 14:26:44,775 DEBUG org.hibernate.type.BasicTypeRegistry : Adding type registration serializable -> org.hibernate.type.SerializableType@1c8371df
2017-10-05 14:26:44,780 DEBUG org.hibernate.type.BasicTypeRegistry : Adding type registration object -> org.hibernate.type.ObjectType@1ab3bb79
2017-10-05 14:26:44,780 DEBUG org.hibernate.type.BasicTypeRegistry : Adding type registration java.lang.Object -> org.hibernate.type.ObjectType@1ab3bb79
2017-10-05 14:26:44,782 DEBUG org.hibernate.type.BasicTypeRegistry : Adding type registration imm_date -> org.hibernate.type.AdaptedImmutableType@45490b5
2017-10-05 14:26:44,786 DEBUG org.hibernate.type.BasicTypeRegistry : Adding type registration imm_time -> org.hibernate.type.AdaptedImmutableType@ef99f84
2017-10-05 14:26:44,787 DEBUG org.hibernate.type.BasicTypeRegistry : Adding type registration imm_timestamp -> org.hibernate.type.AdaptedImmutableType@3493bf9c
2017-10-05 14:26:44,787 DEBUG org.hibernate.type.BasicTypeRegistry : Adding type registration imm_dbtimestamp -> org.hibernate.type.AdaptedImmutableType@6ba9171d
2017-10-05 14:26:44,787 DEBUG org.hibernate.type.BasicTypeRegistry : Adding type registration imm_calendar -> org.hibernate.type.AdaptedImmutableType@4bd8e3e5
2017-10-05 14:26:44,787 DEBUG org.hibernate.type.BasicTypeRegistry : Adding type registration imm_calendar_date -> org.hibernate.type.AdaptedImmutableType@91f50a5
2017-10-05 14:26:44,788 DEBUG org.hibernate.type.BasicTypeRegistry : Adding type registration imm_binary -> org.hibernate.type.AdaptedImmutableType@20597145
2017-10-05 14:26:44,788 DEBUG org.hibernate.type.BasicTypeRegistry : Adding type registration imm_serializable -> org.hibernate.type.AdaptedImmutableType@3eb8bac
2017-10-05 14:26:44,811 DEBUG org.hibernate.engine.jdbc.env.internal.JdbcEnvironmentInitiator : Database ->
       name : H2
    version : 1.4.196 (2017-06-10)
      major : 1
      minor : 4
2017-10-05 14:26:44,812 DEBUG org.hibernate.engine.jdbc.env.internal.JdbcEnvironmentInitiator : Driver ->
       name : H2 JDBC Driver
    version : 1.4.196 (2017-06-10)
      major : 1
      minor : 4
2017-10-05 14:26:44,812 DEBUG org.hibernate.engine.jdbc.env.internal.JdbcEnvironmentInitiator : JDBC version : 4.0
2017-10-05 14:26:44,847 INFO  org.hibernate.dialect.Dialect : HHH000400: Using dialect: org.hibernate.dialect.H2Dialect
2017-10-05 14:26:45,017 DEBUG org.hibernate.type.BasicTypeRegistry : Adding type registration Duration -> org.hibernate.type.DurationType@3792a930
2017-10-05 14:26:45,017 DEBUG org.hibernate.type.BasicTypeRegistry : Adding type registration java.time.Duration -> org.hibernate.type.DurationType@3792a930
2017-10-05 14:26:45,018 DEBUG org.hibernate.type.BasicTypeRegistry : Adding type registration Instant -> org.hibernate.type.InstantType@27fe9771
2017-10-05 14:26:45,018 DEBUG org.hibernate.type.BasicTypeRegistry : Adding type registration java.time.Instant -> org.hibernate.type.InstantType@27fe9771
2017-10-05 14:26:45,019 DEBUG org.hibernate.type.BasicTypeRegistry : Adding type registration LocalDateTime -> org.hibernate.type.LocalDateTimeType@f1d1ce6
2017-10-05 14:26:45,019 DEBUG org.hibernate.type.BasicTypeRegistry : Adding type registration java.time.LocalDateTime -> org.hibernate.type.LocalDateTimeType@f1d1ce6
2017-10-05 14:26:45,020 DEBUG org.hibernate.type.BasicTypeRegistry : Adding type registration LocalDate -> org.hibernate.type.LocalDateType@454655d8
2017-10-05 14:26:45,020 DEBUG org.hibernate.type.BasicTypeRegistry : Adding type registration java.time.LocalDate -> org.hibernate.type.LocalDateType@454655d8
2017-10-05 14:26:45,022 DEBUG org.hibernate.type.BasicTypeRegistry : Adding type registration LocalTime -> org.hibernate.type.LocalTimeType@7361a1
2017-10-05 14:26:45,022 DEBUG org.hibernate.type.BasicTypeRegistry : Adding type registration java.time.LocalTime -> org.hibernate.type.LocalTimeType@7361a1
2017-10-05 14:26:45,023 DEBUG org.hibernate.type.BasicTypeRegistry : Adding type registration OffsetDateTime -> org.hibernate.type.OffsetDateTimeType@7479eba8
2017-10-05 14:26:45,023 DEBUG org.hibernate.type.BasicTypeRegistry : Adding type registration java.time.OffsetDateTime -> org.hibernate.type.OffsetDateTimeType@7479eba8
2017-10-05 14:26:45,024 DEBUG org.hibernate.type.BasicTypeRegistry : Adding type registration OffsetTime -> org.hibernate.type.OffsetTimeType@60717500
2017-10-05 14:26:45,024 DEBUG org.hibernate.type.BasicTypeRegistry : Adding type registration java.time.OffsetTime -> org.hibernate.type.OffsetTimeType@60717500
2017-10-05 14:26:45,028 DEBUG org.hibernate.type.BasicTypeRegistry : Adding type registration ZonedDateTime -> org.hibernate.type.ZonedDateTimeType@2c022a23
2017-10-05 14:26:45,028 DEBUG org.hibernate.type.BasicTypeRegistry : Adding type registration java.time.ZonedDateTime -> org.hibernate.type.ZonedDateTimeType@2c022a23
2017-10-05 14:26:45,062 DEBUG org.hibernate.id.factory.internal.DefaultIdentifierGeneratorFactory : Registering IdentifierGenerator strategy [uuid2] -> [org.hibernate.id.UUIDGenerator]
2017-10-05 14:26:45,063 DEBUG org.hibernate.id.factory.internal.DefaultIdentifierGeneratorFactory : Registering IdentifierGenerator strategy [guid] -> [org.hibernate.id.GUIDGenerator]
2017-10-05 14:26:45,065 DEBUG org.hibernate.id.factory.internal.DefaultIdentifierGeneratorFactory : Registering IdentifierGenerator strategy [uuid] -> [org.hibernate.id.UUIDHexGenerator]
2017-10-05 14:26:45,065 DEBUG org.hibernate.id.factory.internal.DefaultIdentifierGeneratorFactory : Registering IdentifierGenerator strategy [uuid.hex] -> [org.hibernate.id.UUIDHexGenerator]
2017-10-05 14:26:45,066 DEBUG org.hibernate.id.factory.internal.DefaultIdentifierGeneratorFactory : Registering IdentifierGenerator strategy [assigned] -> [org.hibernate.id.Assigned]
2017-10-05 14:26:45,068 DEBUG org.hibernate.id.factory.internal.DefaultIdentifierGeneratorFactory : Registering IdentifierGenerator strategy [identity] -> [org.hibernate.id.IdentityGenerator]
2017-10-05 14:26:45,069 DEBUG org.hibernate.id.factory.internal.DefaultIdentifierGeneratorFactory : Registering IdentifierGenerator strategy [select] -> [org.hibernate.id.SelectGenerator]
2017-10-05 14:26:45,072 DEBUG org.hibernate.id.factory.internal.DefaultIdentifierGeneratorFactory : Registering IdentifierGenerator strategy [sequence] -> [org.hibernate.id.enhanced.SequenceStyleGenerator]
2017-10-05 14:26:45,073 DEBUG org.hibernate.id.factory.internal.DefaultIdentifierGeneratorFactory : Registering IdentifierGenerator strategy [seqhilo] -> [org.hibernate.id.SequenceHiLoGenerator]
2017-10-05 14:26:45,075 DEBUG org.hibernate.id.factory.internal.DefaultIdentifierGeneratorFactory : Registering IdentifierGenerator strategy [increment] -> [org.hibernate.id.IncrementGenerator]
2017-10-05 14:26:45,075 DEBUG org.hibernate.id.factory.internal.DefaultIdentifierGeneratorFactory : Registering IdentifierGenerator strategy [foreign] -> [org.hibernate.id.ForeignGenerator]
2017-10-05 14:26:45,076 DEBUG org.hibernate.id.factory.internal.DefaultIdentifierGeneratorFactory : Registering IdentifierGenerator strategy [sequence-identity] -> [org.hibernate.id.SequenceIdentityGenerator]
2017-10-05 14:26:45,076 DEBUG org.hibernate.id.factory.internal.DefaultIdentifierGeneratorFactory : Registering IdentifierGenerator strategy [enhanced-sequence] -> [org.hibernate.id.enhanced.SequenceStyleGenerator]
2017-10-05 14:26:45,078 DEBUG org.hibernate.id.factory.internal.DefaultIdentifierGeneratorFactory : Registering IdentifierGenerator strategy [enhanced-table] -> [org.hibernate.id.enhanced.TableGenerator]
2017-10-05 14:26:45,142 DEBUG org.hibernate.boot.model.relational.Namespace : Created database namespace [logicalName=Name{catalog=null, schema=null}, physicalName=Name{catalog=null, schema=null}]
2017-10-05 14:26:45,155 DEBUG org.hibernate.boot.model.source.internal.annotations.AnnotationMetadataSourceProcessorImpl : Encountered a non-categorized annotated class [co.com.ceiba.parking.entities.DbVehicle]; ignoring
2017-10-05 14:26:45,181 DEBUG org.hibernate.cfg.AnnotationBinder : Binding entity from annotated class: co.com.ceiba.parking.entities.DbCarPark
2017-10-05 14:26:45,220 DEBUG org.hibernate.cfg.Ejb3Column : Binding column: Ejb3DiscriminatorColumn{logicalColumnName'DTYPE', discriminatorTypeName='string'}
2017-10-05 14:26:45,230 DEBUG org.hibernate.cfg.annotations.EntityBinder : Import with entity name DbCarPark
2017-10-05 14:26:45,235 DEBUG org.hibernate.cfg.annotations.EntityBinder : Bind entity co.com.ceiba.parking.entities.DbCarPark on table Car_Park
2017-10-05 14:26:45,269 DEBUG org.hibernate.cfg.Ejb3Column : Binding column: Ejb3Column{table=org.hibernate.mapping.Table(Car_Park), mappingColumn=Id, insertable=true, updatable=true, unique=false}
2017-10-05 14:26:45,275 DEBUG org.hibernate.cfg.annotations.PropertyBinder : MetadataSourceProcessor property id with lazy=false
2017-10-05 14:26:45,278 DEBUG org.hibernate.cfg.AbstractPropertyHolder : Attempting to locate auto-apply AttributeConverter for property [co.com.ceiba.parking.entities.DbCarPark:id]
2017-10-05 14:26:45,279 DEBUG org.hibernate.cfg.annotations.SimpleValueBinder : building SimpleValue for id
2017-10-05 14:26:45,282 DEBUG org.hibernate.cfg.annotations.PropertyBinder : Building property id
2017-10-05 14:26:45,287 DEBUG org.hibernate.cfg.Ejb3Column : Binding column: Ejb3Column{table=org.hibernate.mapping.Table(Car_Park), mappingColumn=EntryDate, insertable=true, updatable=true, unique=false}
2017-10-05 14:26:45,287 DEBUG org.hibernate.cfg.annotations.PropertyBinder : MetadataSourceProcessor property entryDate with lazy=false
2017-10-05 14:26:45,287 DEBUG org.hibernate.cfg.AbstractPropertyHolder : Attempting to locate auto-apply AttributeConverter for property [co.com.ceiba.parking.entities.DbCarPark:entryDate]
2017-10-05 14:26:45,288 DEBUG org.hibernate.cfg.annotations.SimpleValueBinder : building SimpleValue for entryDate
2017-10-05 14:26:45,288 DEBUG org.hibernate.cfg.annotations.PropertyBinder : Building property entryDate
2017-10-05 14:26:45,288 DEBUG org.hibernate.cfg.Ejb3Column : Binding column: Ejb3Column{table=org.hibernate.mapping.Table(Car_Park), mappingColumn=ExitDate, insertable=true, updatable=true, unique=false}
2017-10-05 14:26:45,289 DEBUG org.hibernate.cfg.annotations.PropertyBinder : MetadataSourceProcessor property exitDate with lazy=false
2017-10-05 14:26:45,289 DEBUG org.hibernate.cfg.AbstractPropertyHolder : Attempting to locate auto-apply AttributeConverter for property [co.com.ceiba.parking.entities.DbCarPark:exitDate]
2017-10-05 14:26:45,289 DEBUG org.hibernate.cfg.annotations.SimpleValueBinder : building SimpleValue for exitDate
2017-10-05 14:26:45,289 DEBUG org.hibernate.cfg.annotations.PropertyBinder : Building property exitDate
2017-10-05 14:26:45,290 DEBUG org.hibernate.cfg.Ejb3Column : Binding column: Ejb3Column{table=org.hibernate.mapping.Table(Car_Park), mappingColumn=Notes, insertable=true, updatable=true, unique=false}
2017-10-05 14:26:45,290 DEBUG org.hibernate.cfg.annotations.PropertyBinder : MetadataSourceProcessor property notes with lazy=false
2017-10-05 14:26:45,290 DEBUG org.hibernate.cfg.AbstractPropertyHolder : Attempting to locate auto-apply AttributeConverter for property [co.com.ceiba.parking.entities.DbCarPark:notes]
2017-10-05 14:26:45,290 DEBUG org.hibernate.cfg.annotations.SimpleValueBinder : building SimpleValue for notes
2017-10-05 14:26:45,291 DEBUG org.hibernate.cfg.annotations.PropertyBinder : Building property notes
2017-10-05 14:26:45,291 DEBUG org.hibernate.cfg.Ejb3Column : Binding column: Ejb3Column{table=org.hibernate.mapping.Table(Car_Park), mappingColumn=SlotNumber, insertable=true, updatable=true, unique=false}
2017-10-05 14:26:45,291 DEBUG org.hibernate.cfg.annotations.PropertyBinder : MetadataSourceProcessor property slotNumber with lazy=false
2017-10-05 14:26:45,292 DEBUG org.hibernate.cfg.AbstractPropertyHolder : Attempting to locate auto-apply AttributeConverter for property [co.com.ceiba.parking.entities.DbCarPark:slotNumber]
2017-10-05 14:26:45,292 DEBUG org.hibernate.cfg.annotations.SimpleValueBinder : building SimpleValue for slotNumber
2017-10-05 14:26:45,292 DEBUG org.hibernate.cfg.annotations.PropertyBinder : Building property slotNumber
2017-10-05 14:26:45,295 DEBUG org.hibernate.cfg.Ejb3Column : Binding column: Ejb3Column{table=org.hibernate.mapping.Table(Car_Park), mappingColumn=vehicle, insertable=true, updatable=true, unique=false}
2017-10-05 14:26:45,304 DEBUG org.hibernate.cfg.Ejb3Column : Binding column: Ejb3Column{table=org.hibernate.mapping.Table(Car_Park), mappingColumn=Cylinder, insertable=true, updatable=true, unique=false}
2017-10-05 14:26:45,304 DEBUG org.hibernate.cfg.annotations.PropertyBinder : MetadataSourceProcessor property cylinder with lazy=false
2017-10-05 14:26:45,305 DEBUG org.hibernate.cfg.AbstractPropertyHolder : Attempting to locate auto-apply AttributeConverter for property [co.com.ceiba.parking.entities.DbCarPark.vehicle:cylinder]
2017-10-05 14:26:45,305 DEBUG org.hibernate.cfg.annotations.SimpleValueBinder : building SimpleValue for cylinder
2017-10-05 14:26:45,305 DEBUG org.hibernate.cfg.annotations.PropertyBinder : Building property cylinder
2017-10-05 14:26:45,305 DEBUG org.hibernate.cfg.Ejb3Column : Binding column: Ejb3Column{table=org.hibernate.mapping.Table(Car_Park), mappingColumn=Plate, insertable=true, updatable=true, unique=false}
2017-10-05 14:26:45,306 DEBUG org.hibernate.cfg.annotations.PropertyBinder : MetadataSourceProcessor property plate with lazy=false
2017-10-05 14:26:45,306 DEBUG org.hibernate.cfg.AbstractPropertyHolder : Attempting to locate auto-apply AttributeConverter for property [co.com.ceiba.parking.entities.DbCarPark.vehicle:plate]
2017-10-05 14:26:45,306 DEBUG org.hibernate.cfg.annotations.SimpleValueBinder : building SimpleValue for plate
2017-10-05 14:26:45,306 DEBUG org.hibernate.cfg.annotations.PropertyBinder : Building property plate
2017-10-05 14:26:45,306 DEBUG org.hibernate.cfg.Ejb3Column : Binding column: Ejb3Column{table=org.hibernate.mapping.Table(Car_Park), mappingColumn=Type, insertable=true, updatable=true, unique=false}
2017-10-05 14:26:45,307 DEBUG org.hibernate.cfg.annotations.PropertyBinder : MetadataSourceProcessor property type with lazy=false
2017-10-05 14:26:45,307 DEBUG org.hibernate.cfg.AbstractPropertyHolder : Attempting to locate auto-apply AttributeConverter for property [co.com.ceiba.parking.entities.DbCarPark.vehicle:type]
2017-10-05 14:26:45,312 DEBUG org.hibernate.cfg.annotations.SimpleValueBinder : building SimpleValue for type
2017-10-05 14:26:45,312 DEBUG org.hibernate.cfg.annotations.PropertyBinder : Building property type
2017-10-05 14:26:45,313 DEBUG org.hibernate.cfg.annotations.PropertyBinder : Building property vehicle
2017-10-05 14:26:45,316 DEBUG org.hibernate.cfg.annotations.SimpleValueBinder : Starting fillSimpleValue for id
2017-10-05 14:26:45,317 DEBUG org.hibernate.cfg.annotations.SimpleValueBinder : Starting fillSimpleValue for entryDate
2017-10-05 14:26:45,317 DEBUG org.hibernate.cfg.annotations.SimpleValueBinder : Starting fillSimpleValue for exitDate
2017-10-05 14:26:45,317 DEBUG org.hibernate.cfg.annotations.SimpleValueBinder : Starting fillSimpleValue for notes
2017-10-05 14:26:45,317 DEBUG org.hibernate.cfg.annotations.SimpleValueBinder : Starting fillSimpleValue for slotNumber
2017-10-05 14:26:45,317 DEBUG org.hibernate.cfg.annotations.SimpleValueBinder : Starting fillSimpleValue for cylinder
2017-10-05 14:26:45,317 DEBUG org.hibernate.cfg.annotations.SimpleValueBinder : Starting fillSimpleValue for plate
2017-10-05 14:26:45,318 DEBUG org.hibernate.cfg.annotations.SimpleValueBinder : Starting fillSimpleValue for type
2017-10-05 14:26:45,321 DEBUG org.hibernate.mapping.PrimaryKey : Forcing column [id] to be non-null as it is part of the primary key for table [car_park]
2017-10-05 14:26:45,408 DEBUG org.hibernate.internal.SessionFactoryImpl : Building session factory
2017-10-05 14:26:45,410 DEBUG org.hibernate.cfg.Settings : SessionFactory name : null
2017-10-05 14:26:45,411 DEBUG org.hibernate.cfg.Settings : Automatic flush during beforeCompletion(): disabled
2017-10-05 14:26:45,411 DEBUG org.hibernate.cfg.Settings : Automatic session close at end of transaction: disabled
2017-10-05 14:26:45,411 DEBUG org.hibernate.cfg.Settings : Statistics: enabled
2017-10-05 14:26:45,411 DEBUG org.hibernate.cfg.Settings : Deleted entity synthetic identifier rollback: disabled
2017-10-05 14:26:45,411 DEBUG org.hibernate.cfg.Settings : Default entity-mode: pojo
2017-10-05 14:26:45,411 DEBUG org.hibernate.cfg.Settings : Check Nullability in Core (should be disabled when Bean Validation is on): enabled
2017-10-05 14:26:45,412 DEBUG org.hibernate.cfg.Settings : Allow initialization of lazy state outside session : disabled
2017-10-05 14:26:45,412 DEBUG org.hibernate.cfg.Settings : Using BatchFetchStyle : LEGACY
2017-10-05 14:26:45,412 DEBUG org.hibernate.cfg.Settings : Default batch fetch size: -1
2017-10-05 14:26:45,412 DEBUG org.hibernate.cfg.Settings : Maximum outer join fetch depth: null
2017-10-05 14:26:45,412 DEBUG org.hibernate.cfg.Settings : Default null ordering: NONE
2017-10-05 14:26:45,412 DEBUG org.hibernate.cfg.Settings : Order SQL updates by primary key: disabled
2017-10-05 14:26:45,412 DEBUG org.hibernate.cfg.Settings : Order SQL inserts for batching: disabled
2017-10-05 14:26:45,413 DEBUG org.hibernate.cfg.Settings : multi-tenancy strategy : NONE
2017-10-05 14:26:45,413 DEBUG org.hibernate.cfg.Settings : JTA Track by Thread: enabled
2017-10-05 14:26:45,413 DEBUG org.hibernate.cfg.Settings : Query language substitutions: {}
2017-10-05 14:26:45,413 DEBUG org.hibernate.cfg.Settings : JPA query language strict compliance: disabled
2017-10-05 14:26:45,413 DEBUG org.hibernate.cfg.Settings : Named query checking : enabled
2017-10-05 14:26:45,413 DEBUG org.hibernate.cfg.Settings : Second-level cache: enabled
2017-10-05 14:26:45,413 DEBUG org.hibernate.cfg.Settings : Second-level query cache: disabled
2017-10-05 14:26:45,414 DEBUG org.hibernate.cfg.Settings : Second-level query cache factory: org.hibernate.cache.internal.StandardQueryCacheFactory@6e6bc857
2017-10-05 14:26:45,414 DEBUG org.hibernate.cfg.Settings : Second-level cache region prefix: null
2017-10-05 14:26:45,414 DEBUG org.hibernate.cfg.Settings : Optimize second-level cache for minimal puts: disabled
2017-10-05 14:26:45,414 DEBUG org.hibernate.cfg.Settings : Structured second-level cache entries: disabled
2017-10-05 14:26:45,414 DEBUG org.hibernate.cfg.Settings : Second-level cache direct-reference entries: disabled
2017-10-05 14:26:45,414 DEBUG org.hibernate.cfg.Settings : Automatic eviction of collection cache: disabled
2017-10-05 14:26:45,414 DEBUG org.hibernate.cfg.Settings : JDBC batch size: 15
2017-10-05 14:26:45,415 DEBUG org.hibernate.cfg.Settings : JDBC batch updates for versioned data: enabled
2017-10-05 14:26:45,417 DEBUG org.hibernate.cfg.Settings : Scrollable result sets: enabled
2017-10-05 14:26:45,417 DEBUG org.hibernate.cfg.Settings : Wrap result sets: disabled
2017-10-05 14:26:45,417 DEBUG org.hibernate.cfg.Settings : JDBC3 getGeneratedKeys(): enabled
2017-10-05 14:26:45,418 DEBUG org.hibernate.cfg.Settings : JDBC result set fetch size: null
2017-10-05 14:26:45,418 DEBUG org.hibernate.cfg.Settings : Connection release mode: ON_CLOSE
2017-10-05 14:26:45,418 DEBUG org.hibernate.cfg.Settings : Generate SQL with comments: disabled
2017-10-05 14:26:45,489 DEBUG org.hibernate.internal.SessionFactoryImpl : Returning a Reference to the SessionFactory
2017-10-05 14:26:45,491 DEBUG org.hibernate.internal.SessionFactoryImpl : Session factory constructed with filter configurations : {}
2017-10-05 14:26:45,492 DEBUG org.hibernate.internal.SessionFactoryImpl : Instantiating session factory with properties: {java.vendor=Oracle Corporation, sun.java.launcher=SUN_STANDARD, catalina.base=C:\Users\fabian.diaz\AppData\Local\Temp\tomcat.7796599043231189737.0, sun.management.compiler=HotSpot 64-Bit Tiered Compilers, catalina.useNaming=false, os.name=Windows 10, sun.boot.class.path=C:\Program Files\Java\jdk1.8.0_144\jre\lib\resources.jar;C:\Program Files\Java\jdk1.8.0_144\jre\lib\rt.jar;C:\Program Files\Java\jdk1.8.0_144\jre\lib\sunrsasign.jar;C:\Program Files\Java\jdk1.8.0_144\jre\lib\jsse.jar;C:\Program Files\Java\jdk1.8.0_144\jre\lib\jce.jar;C:\Program Files\Java\jdk1.8.0_144\jre\lib\charsets.jar;C:\Program Files\Java\jdk1.8.0_144\jre\lib\jfr.jar;C:\Program Files\Java\jdk1.8.0_144\jre\classes, sun.desktop=windows, java.vm.specification.vendor=Oracle Corporation, hibernate.generate_statistics=true, java.runtime.version=1.8.0_144-b01, user.name=fabian.diaz, javax.persistence.validation.mode=AUTO, FILE_LOG_PATTERN=%d %-5level [%thread] %logger : %msg%n, user.language=en, sun.boot.library.path=C:\Program Files\Java\jdk1.8.0_144\jre\bin, PID=12736, java.version=1.8.0_144, user.timezone=America/Bogota, sun.arch.data.model=64, java.endorsed.dirs=C:\Program Files\Java\jdk1.8.0_144\jre\lib\endorsed, sun.cpu.isalist=amd64, sun.jnu.encoding=Cp1252, file.encoding.pkg=sun.io, file.separator=\, java.specification.name=Java Platform API Specification, java.class.version=52.0, user.country=US, LOG_FILE=logs/dev_app.log, java.home=C:\Program Files\Java\jdk1.8.0_144\jre, java.vm.info=mixed mode, os.version=10.0, hibernate.boot.CfgXmlAccessService.key=org.hibernate.boot.cfgxml.spi.LoadedConfig@d1d210b, hibernate.connection.datasource=org.apache.tomcat.jdbc.pool.DataSource@7ade4f29{ConnectionPool[defaultAutoCommit=null; defaultReadOnly=null; defaultTransactionIsolation=-1; defaultCatalog=null; driverClassName=org.h2.Driver; maxActive=100; maxIdle=100; minIdle=10; initialSize=10; maxWait=30000; testOnBorrow=false; testOnReturn=false; timeBetweenEvictionRunsMillis=5000; numTestsPerEvictionRun=0; minEvictableIdleTimeMillis=60000; testWhileIdle=false; testOnConnect=false; password=********; url=jdbc:h2:mem:parking_test; username=; validationQuery=null; validationQueryTimeout=-1; validatorClassName=null; validationInterval=3000; accessToUnderlyingConnectionAllowed=true; removeAbandoned=false; removeAbandonedTimeout=60; logAbandoned=false; connectionProperties=null; initSQL=null; jdbcInterceptors=null; jmxEnabled=true; fairQueue=true; useEquals=true; abandonWhenPercentageFull=0; maxAge=0; useLock=false; dataSource=null; dataSourceJNDI=null; suspectTimeout=0; alternateUsernameAllowed=false; commitOnReturn=false; rollbackOnReturn=false; useDisposableConnectionFacade=true; logValidationErrors=false; propagateInterruptState=false; ignoreExceptionOnPreLoad=false; useStatementFacade=true; }, path.separator=;, java.vm.version=25.144-b01, org.jboss.logging.provider=slf4j, user.variant=, java.awt.printerjob=sun.awt.windows.WPrinterJob, sun.io.unicode.encoding=UnicodeLittle, awt.toolkit=sun.awt.windows.WToolkit, user.script=, user.home=C:\Users\fabian.diaz, java.specification.vendor=Oracle Corporation, hibernate.transaction.coordinator_class=class org.hibernate.resource.transaction.backend.jdbc.internal.JdbcResourceLocalTransactionCoordinatorBuilderImpl, hibernate.hbm2ddl.auto=update, org.gradle.test.worker=1, java.library.path=C:\Program Files\Java\jdk1.8.0_144\bin;C:\Windows\Sun\Java\bin;C:\Windows\system32;C:\Windows;C:/Program Files/Java/jre1.8.0_144/bin/server;C:/Program Files/Java/jre1.8.0_144/bin;C:/Program Files/Java/jre1.8.0_144/lib/amd64;C:\Program Files\Docker\Docker\Resources\bin;C:\ProgramData\Oracle\Java\javapath;C:\Program Files (x86)\Intel\iCLS Client\;C:\Program Files\Intel\iCLS Client\;C:\Program Files\CollabNet\Subversion Client;C:\Oracle\product\11.1.0\client_1\bin;C:\Windows\system32;C:\Windows;C:\Windows\System32\Wbem;C:\Windows\System32\WindowsPowerShell\v1.0\;C:\Program Files\TortoiseSVN\bin;C:\Program Files\PuTTY\;C:\Program Files (x86)\Intel\Intel(R) Management Engine Components\DAL;C:\Program Files\Intel\Intel(R) Management Engine Components\DAL;C:\Program Files (x86)\Intel\Intel(R) Management Engine Components\IPT;C:\Program Files\Intel\Intel(R) Management Engine Components\IPT;C:\Program Files\Java\jdk1.8.0_144\bin;C:\Program Files\Git\cmd;C:\Program Files (x86)\Yarn\bin;C:\Program Files\Gradle\bin;C:\Program Files\nodejs\;C:\Users\fabian.diaz\AppData\Local\Microsoft\WindowsApps;C:\Program Files\Microsoft VS Code\bin;C:\Users\fabian.diaz\AppData\Local\Yarn\bin;C:\Users\fabian.diaz\AppData\Roaming\npm;C:\Program Files\Eclipse;;., java.vendor.url=http://java.oracle.com/, spring.beaninfo.ignore=true, java.vm.vendor=Oracle Corporation, hibernate.dialect=org.hibernate.dialect.H2Dialect, hibernate.ejb.persistenceUnitName=default, java.runtime.name=Java(TM) SE Runtime Environment, sun.java.command=worker.org.gradle.process.internal.worker.GradleWorkerMain 'Gradle Test Executor 1', java.class.path=C:\Users\fabian.diaz\Documents\Parking\Code\api\build\classes\test;C:\Users\fabian.diaz\Documents\Parking\Code\api\build\resources\test;C:\Users\fabian.diaz\Documents\Parking\Code\api\build\classes\main;C:\Users\fabian.diaz\Documents\Parking\Code\api\build\resources\main;C:\Program Files\Gradle\caches\modules-2\files-2.1\org.springframework.boot\spring-boot-starter-data-jpa\1.5.7.RELEASE\ccdf14487724b7c1343e5d2605f7170c026e405\spring-boot-starter-data-jpa-1.5.7.RELEASE.jar;C:\Program Files\Gradle\caches\modules-2\files-2.1\org.springframework.boot\spring-boot-starter-validation\1.5.7.RELEASE\a2e87bf66a1db8037e1feeba7e7063996fa72090\spring-boot-starter-validation-1.5.7.RELEASE.jar;C:\Program Files\Gradle\caches\modules-2\files-2.1\org.springframework.boot\spring-boot-starter-web\1.5.7.RELEASE\a862305be8b7512a41f6768d825ed37251ccbbe0\spring-boot-starter-web-1.5.7.RELEASE.jar;C:\Program Files\Gradle\caches\modules-2\files-2.1\org.hibernate\hibernate-java8\5.0.12.Final\3c495f356f0d5f3aebd93902fd417834c125780f\hibernate-java8-5.0.12.Final.jar;C:\Program Files\Gradle\caches\modules-2\files-2.1\org.springframework.boot\spring-boot-devtools\1.5.7.RELEASE\f433b9ba2fcf598624b5ae930096523f8a22119b\spring-boot-devtools-1.5.7.RELEASE.jar;C:\Program Files\Gradle\caches\modules-2\files-2.1\mysql\mysql-connector-java\5.1.44\61b6b998192c85bb581c6be90e03dcd4b9079db4\mysql-connector-java-5.1.44.jar;C:\Program Files\Gradle\caches\modules-2\files-2.1\org.springframework.boot\spring-boot-starter-test\1.5.7.RELEASE\d23f37a72c2d4e46aba66bc69a649213f9cadeee\spring-boot-starter-test-1.5.7.RELEASE.jar;C:\Program Files\Gradle\caches\modules-2\files-2.1\org.assertj\assertj-core\3.8.0\b209d90ff2e279bee3e02547ee7b11349c52d0e3\assertj-core-3.8.0.jar;C:\Program Files\Gradle\caches\modules-2\files-2.1\com.h2database\h2\1.4.196\dd0034398d593aa3588c6773faac429bbd9aea0e\h2-1.4.196.jar;C:\Program Files\Gradle\caches\modules-2\files-2.1\org.springframework.boot\spring-boot-starter\1.5.7.RELEASE\b42fe6962dd8b3be4ac8c1d7134d0ca2d0a35c7e\spring-boot-starter-1.5.7.RELEASE.jar;C:\Program Files\Gradle\caches\modules-2\files-2.1\org.springframework.boot\spring-boot-starter-aop\1.5.7.RELEASE\189098a72ccc0cca07ea42d6715c10524b5a93d1\spring-boot-starter-aop-1.5.7.RELEASE.jar;C:\Program Files\Gradle\caches\modules-2\files-2.1\org.springframework.boot\spring-boot-starter-jdbc\1.5.7.RELEASE\98c652a5461ccbec70b55fd0f7815d9c9a37a082\spring-boot-starter-jdbc-1.5.7.RELEASE.jar;C:\Program Files\Gradle\caches\modules-2\files-2.1\org.hibernate\hibernate-core\5.0.12.Final\e58bf1c660e6706d8e2cbb53bae110f574366102\hibernate-core-5.0.12.Final.jar;C:\Program Files\Gradle\caches\modules-2\files-2.1\org.hibernate\hibernate-entitymanager\5.0.12.Final\302a526f5058290e9cbd719a5caf9f248d344719\hibernate-entitymanager-5.0.12.Final.jar;C:\Program Files\Gradle\caches\modules-2\files-2.1\javax.transaction\javax.transaction-api\1.2\d81aff979d603edd90dcd8db2abc1f4ce6479e3e\javax.transaction-api-1.2.jar;C:\Program Files\Gradle\caches\modules-2\files-2.1\org.springframework.data\spring-data-jpa\1.11.7.RELEASE\587051cc7d7a3ddfac6098d623a658abb2f15865\spring-data-jpa-1.11.7.RELEASE.jar;C:\Program Files\Gradle\caches\modules-2\files-2.1\org.springframework\spring-aspects\4.3.11.RELEASE\38ab744d37aef58762a03dbe7ab1479070ebadc6\spring-aspects-4.3.11.RELEASE.jar;C:\Program Files\Gradle\caches\modules-2\files-2.1\org.apache.tomcat.embed\tomcat-embed-el\8.5.20\42960f481a8a80f4ffd3b865c2232820e3565bf1\tomcat-embed-el-8.5.20.jar;C:\Program Files\Gradle\caches\modules-2\files-2.1\org.hibernate\hibernate-validator\5.3.5.Final\622a9bcef2eed6d41b5b8e0662c36212009e375\hibernate-validator-5.3.5.Final.jar;C:\Program Files\Gradle\caches\modules-2\files-2.1\org.springfra
[...]
2017-10-05 14:26:49,191 DEBUG org.hibernate.hql.internal.ast.tree.FromReferenceNode : Resolved : generatedAlias0 -> dbcarpark0_.Id
2017-10-05 14:26:49,198 DEBUG org.hibernate.hql.internal.ast.tree.FromReferenceNode : Resolved : generatedAlias0 -> dbcarpark0_.Id
2017-10-05 14:26:49,201 DEBUG org.hibernate.hql.internal.ast.tree.DotNode : getDataType() : vehicle -> org.hibernate.type.ComponentType@3c1b2055
2017-10-05 14:26:49,204 DEBUG org.hibernate.hql.internal.ast.tree.DotNode : Unresolved property path is now 'vehicle.type'
2017-10-05 14:26:49,205 DEBUG org.hibernate.hql.internal.ast.tree.FromReferenceNode : Resolved : generatedAlias0.vehicle -> dbcarpark0_.Type
2017-10-05 14:26:49,205 DEBUG org.hibernate.hql.internal.ast.tree.DotNode : getDataType() : vehicle.type -> org.hibernate.type.CustomType@199e8849
2017-10-05 14:26:49,206 DEBUG org.hibernate.hql.internal.ast.tree.FromReferenceNode : Resolved : generatedAlias0.vehicle.type -> dbcarpark0_.Type
2017-10-05 14:26:49,212 DEBUG org.hibernate.hql.internal.ast.tree.FromReferenceNode : Resolved : generatedAlias0 -> dbcarpark0_.Id
2017-10-05 14:26:49,213 DEBUG org.hibernate.hql.internal.ast.tree.DotNode : getDataType() : exitDate -> org.hibernate.type.LocalDateTimeType@426a036c
2017-10-05 14:26:49,213 DEBUG org.hibernate.hql.internal.ast.tree.FromReferenceNode : Resolved : generatedAlias0.exitDate -> dbcarpark0_.ExitDate
2017-10-05 14:26:49,214 DEBUG org.hibernate.hql.internal.antlr.HqlSqlBaseWalker : select : finishing up [level=1, statement=select]
2017-10-05 14:26:49,216 DEBUG org.hibernate.hql.internal.ast.HqlSqlWalker : processQuery() :  ( SELECT ( {select clause} ( count dbcarpark0_.Id ) ) ( FromClause{level=1} Car_Park dbcarpark0_ ) ( where ( and ( = ( dbcarpark0_.Type ( dbcarpark0_.Type dbcarpark0_.Id vehicle ) type ) ? ) ( is null ( dbcarpark0_.ExitDate dbcarpark0_.Id exitDate ) ) ) ) )
2017-10-05 14:26:49,230 DEBUG org.hibernate.hql.internal.ast.util.JoinProcessor : Using FROM fragment [Car_Park dbcarpark0_]
2017-10-05 14:26:49,230 DEBUG org.hibernate.hql.internal.antlr.HqlSqlBaseWalker : select >> end [level=1, statement=select]
2017-10-05 14:26:49,231 DEBUG org.hibernate.hql.internal.ast.QueryTranslatorImpl : --- SQL AST ---
 \-[SELECT] QueryNode: 'SELECT'  querySpaces (Car_Park)
    +-[SELECT_CLAUSE] SelectClause: '{select clause}'
    |  +-[COUNT] CountNode: 'count'
    |  |  \-[ALIAS_REF] IdentNode: 'dbcarpark0_.Id' {alias=generatedAlias0, className=co.com.ceiba.parking.entities.DbCarPark, tableAlias=dbcarpark0_}
    |  \-[SELECT_COLUMNS] SqlNode: ' as col_0_0_'
    +-[FROM] FromClause: 'from' FromClause{level=1, fromElementCounter=1, fromElements=1, fromElementByClassAlias=[generatedAlias0], fromElementByTableAlias=[dbcarpark0_], fromElementsByPath=[], collectionJoinFromElementsByPath=[], impliedElements=[]}
    |  \-[FROM_FRAGMENT] FromElement: 'Car_Park dbcarpark0_' FromElement{explicit,not a collection join,not a fetch join,fetch non-lazy properties,classAlias=generatedAlias0,role=null,tableName=Car_Park,tableAlias=dbcarpark0_,origin=null,columns={,className=co.com.ceiba.parking.entities.DbCarPark}}
    \-[WHERE] SqlNode: 'where'
       \-[AND] SqlNode: 'and'
          +-[EQ] BinaryLogicOperatorNode: '='
          |  +-[DOT] DotNode: 'dbcarpark0_.Type' {propertyName=type,dereferenceType=PRIMITIVE,getPropertyPath=vehicle.type,path=generatedAlias0.vehicle.type,tableAlias=dbcarpark0_,className=co.com.ceiba.parking.entities.DbCarPark,classAlias=generatedAlias0}
          |  |  +-[DOT] DotNode: 'dbcarpark0_.Type' {propertyName=type,dereferenceType=COMPONENT,getPropertyPath=vehicle.type,path=generatedAlias0.vehicle,tableAlias=dbcarpark0_,className=co.com.ceiba.parking.entities.DbCarPark,classAlias=generatedAlias0}
          |  |  |  +-[ALIAS_REF] IdentNode: 'dbcarpark0_.Id' {alias=generatedAlias0, className=co.com.ceiba.parking.entities.DbCarPark, tableAlias=dbcarpark0_}
          |  |  |  \-[IDENT] IdentNode: 'vehicle' {originalText=vehicle}
          |  |  \-[IDENT] IdentNode: 'type' {originalText=type}
          |  \-[NAMED_PARAM] ParameterNode: '?' {name=param0, expectedType=org.hibernate.type.CustomType@199e8849}
          \-[IS_NULL] IsNullLogicOperatorNode: 'is null'
             \-[DOT] DotNode: 'dbcarpark0_.ExitDate' {propertyName=exitDate,dereferenceType=PRIMITIVE,getPropertyPath=exitDate,path=generatedAlias0.exitDate,tableAlias=dbcarpark0_,className=co.com.ceiba.parking.entities.DbCarPark,classAlias=generatedAlias0}
                +-[ALIAS_REF] IdentNode: 'dbcarpark0_.Id' {alias=generatedAlias0, className=co.com.ceiba.parking.entities.DbCarPark, tableAlias=dbcarpark0_}
                \-[IDENT] IdentNode: 'exitDate' {originalText=exitDate}

2017-10-05 14:26:49,231 DEBUG org.hibernate.hql.internal.ast.ErrorCounter : throwQueryException() : no errors
2017-10-05 14:26:49,247 DEBUG org.hibernate.hql.internal.ast.QueryTranslatorImpl : HQL: select count(generatedAlias0) from co.com.ceiba.parking.entities.DbCarPark as generatedAlias0 where ( generatedAlias0.vehicle.type=:param0 ) and ( generatedAlias0.exitDate is null )
2017-10-05 14:26:49,247 DEBUG org.hibernate.hql.internal.ast.QueryTranslatorImpl : SQL: select count(dbcarpark0_.Id) as col_0_0_ from Car_Park dbcarpark0_ where dbcarpark0_.Type=? and (dbcarpark0_.ExitDate is null)
2017-10-05 14:26:49,247 DEBUG org.hibernate.hql.internal.ast.ErrorCounter : throwQueryException() : no errors
2017-10-05 14:26:49,301 DEBUG org.hibernate.SQL : select count(dbcarpark0_.Id) as col_0_0_ from Car_Park dbcarpark0_ where dbcarpark0_.Type=? and (dbcarpark0_.ExitDate is null)
Hibernate: select count(dbcarpark0_.Id) as col_0_0_ from Car_Park dbcarpark0_ where dbcarpark0_.Type=? and (dbcarpark0_.ExitDate is null)
2017-10-05 14:26:49,326 DEBUG org.hibernate.loader.Loader : Result set row: 0
2017-10-05 14:26:49,326 DEBUG org.hibernate.loader.Loader : Result row: 
2017-10-05 14:26:49,334 DEBUG org.hibernate.stat.internal.ConcurrentStatisticsImpl : HHH000117: HQL: select count(generatedAlias0) from DbCarPark as generatedAlias0 where ( generatedAlias0.vehicle.type=:param0 ) and ( generatedAlias0.exitDate is null ), time: 42ms, rows: 1
2017-10-05 14:26:49,338 INFO  org.hibernate.engine.internal.StatisticalLoggingSessionEventListener : Session Metrics {
    121650 nanoseconds spent acquiring 1 JDBC connections;
    0 nanoseconds spent releasing 0 JDBC connections;
    10762543 nanoseconds spent preparing 1 JDBC statements;
    8062399 nanoseconds spent executing 1 JDBC statements;
    0 nanoseconds spent executing 0 JDBC batches;
    0 nanoseconds spent performing 0 L2C puts;
    0 nanoseconds spent performing 0 L2C hits;
    0 nanoseconds spent performing 0 L2C misses;
    0 nanoseconds spent executing 0 flushes (flushing a total of 0 entities and 0 collections);
    0 nanoseconds spent executing 0 partial-flushes (flushing a total of 0 entities and 0 collections)
}
2017-10-05 14:26:49,355 DEBUG org.hibernate.engine.transaction.internal.TransactionImpl : begin
2017-10-05 14:26:49,383 DEBUG org.hibernate.engine.spi.ActionQueue : Executing identity-insert immediately
2017-10-05 14:26:49,390 DEBUG org.hibernate.SQL : insert into Car_Park (Id, EntryDate, ExitDate, Notes, SlotNumber, Cylinder, Plate, Type) values (null, ?, ?, ?, ?, ?, ?, ?)
Hibernate: insert into Car_Park (Id, EntryDate, ExitDate, Notes, SlotNumber, Cylinder, Plate, Type) values (null, ?, ?, ?, ?, ?, ?, ?)
2017-10-05 14:26:49,404 DEBUG org.hibernate.id.IdentifierGeneratorHelper : Natively generated identity: 1
2017-10-05 14:26:49,404 DEBUG org.hibernate.resource.jdbc.internal.ResourceRegistryStandardImpl : HHH000387: ResultSet's statement was not registered
2017-10-05 14:26:49,408 DEBUG org.hibernate.engine.transaction.internal.TransactionImpl : committing
2017-10-05 14:26:49,409 DEBUG org.hibernate.event.internal.AbstractFlushingEventListener : Processing flush-time cascades
2017-10-05 14:26:49,410 DEBUG org.hibernate.event.internal.AbstractFlushingEventListener : Dirty checking collections
2017-10-05 14:26:49,413 DEBUG org.hibernate.event.internal.AbstractFlushingEventListener : Flushed: 0 insertions, 0 updates, 0 deletions to 1 objects
2017-10-05 14:26:49,413 DEBUG org.hibernate.event.internal.AbstractFlushingEventListener : Flushed: 0 (re)creations, 0 updates, 0 removals to 0 collections
2017-10-05 14:26:49,414 DEBUG org.hibernate.internal.util.EntityPrinter : Listing entities:
2017-10-05 14:26:49,415 DEBUG org.hibernate.internal.util.EntityPrinter : co.com.ceiba.parking.entities.DbCarPark{notes=null, entryDate=2017-10-05T14:26:48.989, slotNumber=0, id=1, exitDate=null, vehicle=component[cylinder,plate,type]{cylinder=null, plate=RDF23D, type=0}}
2017-10-05 14:26:49,417 INFO  org.hibernate.engine.internal.StatisticalLoggingSessionEventListener : Session Metrics {
    92672 nanoseconds spent acquiring 1 JDBC connections;
    0 nanoseconds spent releasing 0 JDBC connections;
    980141 nanoseconds spent preparing 1 JDBC statements;
    2328856 nanoseconds spent executing 1 JDBC statements;
    0 nanoseconds spent executing 0 JDBC batches;
    0 nanoseconds spent performing 0 L2C puts;
    0 nanoseconds spent performing 0 L2C hits;
    0 nanoseconds spent performing 0 L2C misses;
    7657603 nanoseconds spent executing 1 flushes (flushing a total of 1 entities and 0 collections);
    0 nanoseconds spent executing 0 partial-flushes (flushing a total of 0 entities and 0 collections)
}
2017-10-05 14:26:49,453 DEBUG org.hibernate.jpa.criteria.CriteriaQueryImpl : Rendered criteria query -> select generatedAlias0 from DbCarPark as generatedAlias0 where ( generatedAlias0.vehicle.plate=:param0 ) and ( generatedAlias0.exitDate is null )
2017-10-05 14:26:49,453 DEBUG org.hibernate.hql.internal.ast.QueryTranslatorImpl : parse() - HQL: select generatedAlias0 from co.com.ceiba.parking.entities.DbCarPark as generatedAlias0 where ( generatedAlias0.vehicle.plate=:param0 ) and ( generatedAlias0.exitDate is null )
2017-10-05 14:26:49,457 DEBUG org.hibernate.hql.internal.ast.QueryTranslatorImpl : --- HQL AST ---
 \-[QUERY] Node: 'query'
    +-[SELECT_FROM] Node: 'SELECT_FROM'
    |  +-[FROM] Node: 'from'
    |  |  \-[RANGE] Node: 'RANGE'
    |  |     +-[DOT] Node: '.'
    |  |     |  +-[DOT] Node: '.'
    |  |     |  |  +-[DOT] Node: '.'
    |  |     |  |  |  +-[DOT] Node: '.'
    |  |     |  |  |  |  +-[DOT] Node: '.'
    |  |     |  |  |  |  |  +-[IDENT] Node: 'co'
    |  |     |  |  |  |  |  \-[IDENT] Node: 'com'
    |  |     |  |  |  |  \-[IDENT] Node: 'ceiba'
    |  |     |  |  |  \-[IDENT] Node: 'parking'
    |  |     |  |  \-[IDENT] Node: 'entities'
    |  |     |  \-[IDENT] Node: 'DbCarPark'
    |  |     \-[ALIAS] Node: 'generatedAlias0'
    |  \-[SELECT] Node: 'select'
    |     \-[IDENT] Node: 'generatedAlias0'
    \-[WHERE] Node: 'where'
       \-[AND] Node: 'and'
          +-[EQ] Node: '='
          |  +-[DOT] Node: '.'
          |  |  +-[DOT] Node: '.'
          |  |  |  +-[IDENT] Node: 'generatedAlias0'
          |  |  |  \-[IDENT] Node: 'vehicle'
          |  |  \-[IDENT] Node: 'plate'
          |  \-[COLON] Node: ':'
          |     \-[IDENT] Node: 'param0'
          \-[IS_NULL] Node: 'is null'
             \-[DOT] Node: '.'
                +-[IDENT] Node: 'generatedAlias0'
                \-[IDENT] Node: 'exitDate'

2017-10-05 14:26:49,457 DEBUG org.hibernate.hql.internal.ast.ErrorCounter : throwQueryException() : no errors
2017-10-05 14:26:49,457 DEBUG org.hibernate.hql.internal.antlr.HqlSqlBaseWalker : select << begin [level=1, statement=select]
2017-10-05 14:26:49,458 DEBUG org.hibernate.hql.internal.ast.tree.FromElement : FromClause{level=1} : co.com.ceiba.parking.entities.DbCarPark (generatedAlias0) -> dbcarpark0_
2017-10-05 14:26:49,460 DEBUG org.hibernate.hql.internal.ast.tree.FromReferenceNode : Resolved : generatedAlias0 -> dbcarpark0_.Id
2017-10-05 14:26:49,460 DEBUG org.hibernate.hql.internal.ast.tree.FromReferenceNode : Resolved : generatedAlias0 -> dbcarpark0_.Id
2017-10-05 14:26:49,461 DEBUG org.hibernate.hql.internal.ast.tree.DotNode : getDataType() : vehicle -> org.hibernate.type.ComponentType@3c1b2055
2017-10-05 14:26:49,461 DEBUG org.hibernate.hql.internal.ast.tree.DotNode : Unresolved property path is now 'vehicle.plate'
2017-10-05 14:26:49,461 DEBUG org.hibernate.hql.internal.ast.tree.FromReferenceNode : Resolved : generatedAlias0.vehicle -> dbcarpark0_.Plate
2017-10-05 14:26:49,461 DEBUG org.hibernate.hql.internal.ast.tree.DotNode : getDataType() : vehicle.plate -> org.hibernate.type.StringType@45b64dd6
2017-10-05 14:26:49,461 DEBUG org.hibernate.hql.internal.ast.tree.FromReferenceNode : Resolved : generatedAlias0.vehicle.plate -> dbcarpark0_.Plate
2017-10-05 14:26:49,462 DEBUG org.hibernate.hql.internal.ast.tree.FromReferenceNode : Resolved : generatedAlias0 -> dbcarpark0_.Id
2017-10-05 14:26:49,462 DEBUG org.hibernate.hql.internal.ast.tree.DotNode : getDataType() : exitDate -> org.hibernate.type.LocalDateTimeType@426a036c
2017-10-05 14:26:49,462 DEBUG org.hibernate.hql.internal.ast.tree.FromReferenceNode : Resolved : generatedAlias0.exitDate -> dbcarpark0_.ExitDate
2017-10-05 14:26:49,462 DEBUG org.hibernate.hql.internal.antlr.HqlSqlBaseWalker : select : finishing up [level=1, statement=select]
2017-10-05 14:26:49,462 DEBUG org.hibernate.hql.internal.ast.HqlSqlWalker : processQuery() :  ( SELECT ( {select clause} dbcarpark0_.Id ) ( FromClause{level=1} Car_Park dbcarpark0_ ) ( where ( and ( = ( dbcarpark0_.Plate ( dbcarpark0_.Plate dbcarpark0_.Id vehicle ) plate ) ? ) ( is null ( dbcarpark0_.ExitDate dbcarpark0_.Id exitDate ) ) ) ) )
2017-10-05 14:26:49,466 DEBUG org.hibernate.hql.internal.ast.util.JoinProcessor : Using FROM fragment [Car_Park dbcarpark0_]
2017-10-05 14:26:49,466 DEBUG org.hibernate.hql.internal.antlr.HqlSqlBaseWalker : select >> end [level=1, statement=select]
2017-10-05 14:26:49,466 DEBUG org.hibernate.hql.internal.ast.QueryTranslatorImpl : --- SQL AST ---
 \-[SELECT] QueryNode: 'SELECT'  querySpaces (Car_Park)
    +-[SELECT_CLAUSE] SelectClause: '{select clause}'
    |  +-[ALIAS_REF] IdentNode: 'dbcarpark0_.Id as Id1_0_' {alias=generatedAlias0, className=co.com.ceiba.parking.entities.DbCarPark, tableAlias=dbcarpark0_}
    |  \-[SQL_TOKEN] SqlFragment: 'dbcarpark0_.EntryDate as EntryDat2_0_, dbcarpark0_.ExitDate as ExitDate3_0_, dbcarpark0_.Notes as Notes4_0_, dbcarpark0_.SlotNumber as SlotNumb5_0_, dbcarpark0_.Cylinder as Cylinder6_0_, dbcarpark0_.Plate as Plate7_0_, dbcarpark0_.Type as Type8_0_'
    +-[FROM] FromClause: 'from' FromClause{level=1, fromElementCounter=1, fromElements=1, fromElementByClassAlias=[generatedAlias0], fromElementByTableAlias=[dbcarpark0_], fromElementsByPath=[], collectionJoinFromElementsByPath=[], impliedElements=[]}
    |  \-[FROM_FRAGMENT] FromElement: 'Car_Park dbcarpark0_' FromElement{explicit,not a collection join,not a fetch join,fetch non-lazy properties,classAlias=generatedAlias0,role=null,tableName=Car_Park,tableAlias=dbcarpark0_,origin=null,columns={,className=co.com.ceiba.parking.entities.DbCarPark}}
    \-[WHERE] SqlNode: 'where'
       \-[AND] SqlNode: 'and'
          +-[EQ] BinaryLogicOperatorNode: '='
          |  +-[DOT] DotNode: 'dbcarpark0_.Plate' {propertyName=plate,dereferenceType=PRIMITIVE,getPropertyPath=vehicle.plate,path=generatedAlias0.vehicle.plate,tableAlias=dbcarpark0_,className=co.com.ceiba.parking.entities.DbCarPark,classAlias=generatedAlias0}
          |  |  +-[DOT] DotNode: 'dbcarpark0_.Plate' {propertyName=plate,dereferenceType=COMPONENT,getPropertyPath=vehicle.plate,path=generatedAlias0.vehicle,tableAlias=dbcarpark0_,className=co.com.ceiba.parking.entities.DbCarPark,classAlias=generatedAlias0}
          |  |  |  +-[ALIAS_REF] IdentNode: 'dbcarpark0_.Id' {alias=generatedAlias0, className=co.com.ceiba.parking.entities.DbCarPark, tableAlias=dbcarpark0_}
          |  |  |  \-[IDENT] IdentNode: 'vehicle' {originalText=vehicle}
          |  |  \-[IDENT] IdentNode: 'plate' {originalText=plate}
          |  \-[NAMED_PARAM] ParameterNode: '?' {name=param0, expectedType=org.hibernate.type.StringType@45b64dd6}
          \-[IS_NULL] IsNullLogicOperatorNode: 'is null'
             \-[DOT] DotNode: 'dbcarpark0_.ExitDate' {propertyName=exitDate,dereferenceType=PRIMITIVE,getPropertyPath=exitDate,path=generatedAlias0.exitDate,tableAlias=dbcarpark0_,className=co.com.ceiba.parking.entities.DbCarPark,classAlias=generatedAlias0}
                +-[ALIAS_REF] IdentNode: 'dbcarpark0_.Id' {alias=generatedAlias0, className=co.com.ceiba.parking.entities.DbCarPark, tableAlias=dbcarpark0_}
                \-[IDENT] IdentNode: 'exitDate' {originalText=exitDate}

2017-10-05 14:26:49,467 DEBUG org.hibernate.hql.internal.ast.ErrorCounter : throwQueryException() : no errors
2017-10-05 14:26:49,467 DEBUG org.hibernate.hql.internal.ast.QueryTranslatorImpl : HQL: select generatedAlias0 from co.com.ceiba.parking.entities.DbCarPark as generatedAlias0 where ( generatedAlias0.vehicle.plate=:param0 ) and ( generatedAlias0.exitDate is null )
2017-10-05 14:26:49,467 DEBUG org.hibernate.hql.internal.ast.QueryTranslatorImpl : SQL: select dbcarpark0_.Id as Id1_0_, dbcarpark0_.EntryDate as EntryDat2_0_, dbcarpark0_.ExitDate as ExitDate3_0_, dbcarpark0_.Notes as Notes4_0_, dbcarpark0_.SlotNumber as SlotNumb5_0_, dbcarpark0_.Cylinder as Cylinder6_0_, dbcarpark0_.Plate as Plate7_0_, dbcarpark0_.Type as Type8_0_ from Car_Park dbcarpark0_ where dbcarpark0_.Plate=? and (dbcarpark0_.ExitDate is null)
2017-10-05 14:26:49,467 DEBUG org.hibernate.hql.internal.ast.ErrorCounter : throwQueryException() : no errors
2017-10-05 14:26:49,468 DEBUG org.hibernate.SQL : select dbcarpark0_.Id as Id1_0_, dbcarpark0_.EntryDate as EntryDat2_0_, dbcarpark0_.ExitDate as ExitDate3_0_, dbcarpark0_.Notes as Notes4_0_, dbcarpark0_.SlotNumber as SlotNumb5_0_, dbcarpark0_.Cylinder as Cylinder6_0_, dbcarpark0_.Plate as Plate7_0_, dbcarpark0_.Type as Type8_0_ from Car_Park dbcarpark0_ where dbcarpark0_.Plate=? and (dbcarpark0_.ExitDate is null)
Hibernate: select dbcarpark0_.Id as Id1_0_, dbcarpark0_.EntryDate as EntryDat2_0_, dbcarpark0_.ExitDate as ExitDate3_0_, dbcarpark0_.Notes as Notes4_0_, dbcarpark0_.SlotNumber as SlotNumb5_0_, dbcarpark0_.Cylinder as Cylinder6_0_, dbcarpark0_.Plate as Plate7_0_, dbcarpark0_.Type as Type8_0_ from Car_Park dbcarpark0_ where dbcarpark0_.Plate=? and (dbcarpark0_.ExitDate is null)
2017-10-05 14:26:49,469 DEBUG org.hibernate.loader.Loader : Result set row: 0
2017-10-05 14:26:49,471 DEBUG org.hibernate.loader.Loader : Result row: EntityKey[co.com.ceiba.parking.entities.DbCarPark#1]
2017-10-05 14:26:49,475 DEBUG org.hibernate.engine.internal.TwoPhaseLoad : Resolving associations for [co.com.ceiba.parking.entities.DbCarPark#1]
2017-10-05 14:26:49,476 DEBUG org.hibernate.engine.internal.TwoPhaseLoad : Done materializing entity [co.com.ceiba.parking.entities.DbCarPark#1]
2017-10-05 14:26:49,476 DEBUG org.hibernate.stat.internal.ConcurrentStatisticsImpl : HHH000117: HQL: select generatedAlias0 from DbCarPark as generatedAlias0 where ( generatedAlias0.vehicle.plate=:param0 ) and ( generatedAlias0.exitDate is null ), time: 7ms, rows: 1
2017-10-05 14:26:49,476 INFO  org.hibernate.engine.internal.StatisticalLoggingSessionEventListener : Session Metrics {
    84823 nanoseconds spent acquiring 1 JDBC connections;
    0 nanoseconds spent releasing 0 JDBC connections;
    474223 nanoseconds spent preparing 1 JDBC statements;
    168740 nanoseconds spent executing 1 JDBC statements;
    0 nanoseconds spent executing 0 JDBC batches;
    0 nanoseconds spent performing 0 L2C puts;
    0 nanoseconds spent performing 0 L2C hits;
    0 nanoseconds spent performing 0 L2C misses;
    0 nanoseconds spent executing 0 flushes (flushing a total of 0 entities and 0 collections);
    0 nanoseconds spent executing 0 partial-flushes (flushing a total of 0 entities and 0 collections)
}
]]></system-out>
  <system-err><![CDATA[]]></system-err>
</testsuite>
